#
# There is insufficient memory for the Java Runtime Environment to continue.
# Native memory allocation (malloc) failed to allocate 32744 bytes for ChunkPool::allocate
# Possible reasons:
#   The system is out of physical RAM or swap space
#   The process is running with CompressedOops enabled, and the Java Heap may be blocking the growth of the native heap
# Possible solutions:
#   Reduce memory load on the system
#   Increase physical memory or swap space
#   Check if swap backing store is full
#   Decrease Java heap size (-Xmx/-Xms)
#   Decrease number of Java threads
#   Decrease Java thread stack sizes (-Xss)
#   Set larger code cache with -XX:ReservedCodeCacheSize=
#   JVM is running with Unscaled Compressed Oops mode in which the Java heap is
#     placed in the first 4GB address space. The Java Heap base address is the
#     maximum limit for the native heap growth. Please use -XX:HeapBaseMinAddress
#     to set the Java Heap base and to place the Java Heap above 4GB virtual address.
# This output file may be truncated or incomplete.
#
#  Out of Memory Error (allocation.cpp:272), pid=15556, tid=0x00000000000052b0
#
# JRE version: OpenJDK Runtime Environment (8.0_242-b01) (build 1.8.0_242-release-1644-b01)
# Java VM: OpenJDK 64-Bit Server VM (25.242-b01 mixed mode windows-amd64 compressed oops)
# Failed to write core dump. Minidumps are not enabled by default on client versions of Windows
#

---------------  T H R E A D  ---------------

Current thread (0x0000000017a3a000):  JavaThread "C2 CompilerThread1" daemon [_thread_in_native, id=21168, stack(0x0000000019190000,0x0000000019290000)]

Stack: [0x0000000019190000,0x0000000019290000]
[error occurred during error reporting (printing stack bounds), id 0xc0000005]

Native frames: (J=compiled Java code, j=interpreted, Vv=VM code, C=native code)


Current CompileTask:
C2:  11512 9297       4       com.android.tools.r8.dex.n::a (910 bytes)


---------------  P R O C E S S  ---------------

Java Threads: ( => current thread )
  0x0000000020d29800 JavaThread "ForkJoinPool-1-worker-0" daemon [_thread_blocked, id=4764, stack(0x000000002e060000,0x000000002e160000)]
  0x0000000020d27800 JavaThread "ForkJoinPool-1-worker-3" daemon [_thread_blocked, id=13584, stack(0x000000002df60000,0x000000002e060000)]
  0x0000000020d2b000 JavaThread "ForkJoinPool-1-worker-2" daemon [_thread_in_Java, id=16208, stack(0x000000002de60000,0x000000002df60000)]
  0x0000000020d29000 JavaThread "ForkJoinPool-1-worker-1" daemon [_thread_blocked, id=16708, stack(0x000000002d3d0000,0x000000002d4d0000)]
  0x0000000020d2c800 JavaThread "WorkerExecutor Queue" [_thread_blocked, id=22080, stack(0x000000002d550000,0x000000002d650000)]
  0x0000000020d22000 JavaThread "Cache worker for execution history cache (C:\Users\AYUSHCYBERTRON\AndroidStudioProjects\TripWhiz2\.gradle\6.5\executionHistory)" [_thread_blocked, id=22700, stack(0x000000002cad0000,0x000000002cbd0000)]
  0x0000000020d23000 JavaThread "Execution worker for ':' Thread 3" [_thread_blocked, id=15508, stack(0x000000002c9d0000,0x000000002cad0000)]
  0x0000000020d23800 JavaThread "Execution worker for ':' Thread 2" [_thread_blocked, id=11696, stack(0x000000002c8d0000,0x000000002c9d0000)]
  0x0000000020d20800 JavaThread "Execution worker for ':'" [_thread_blocked, id=2636, stack(0x000000002c7d0000,0x000000002c8d0000)]
  0x000000001f010000 JavaThread "Cache worker for file content cache (C:\Users\AYUSHCYBERTRON\AndroidStudioProjects\TripWhiz2\.gradle\6.5\fileContent)" [_thread_blocked, id=13476, stack(0x000000002bf30000,0x000000002c030000)]
  0x000000001f010800 JavaThread "Memory manager" [_thread_blocked, id=2168, stack(0x000000002b410000,0x000000002b510000)]
  0x000000001f008800 JavaThread "Cache worker for Build Output Cleanup Cache (C:\Users\AYUSHCYBERTRON\AndroidStudioProjects\TripWhiz2\.gradle\buildOutputCleanup)" [_thread_blocked, id=18056, stack(0x000000002ad10000,0x000000002ae10000)]
  0x000000001f00f000 JavaThread "jar transforms Thread 114" [_thread_blocked, id=22460, stack(0x0000000029a40000,0x0000000029b40000)]
  0x000000001f00e800 JavaThread "jar transforms Thread 113" [_thread_blocked, id=19248, stack(0x0000000029940000,0x0000000029a40000)]
  0x000000001f00d800 JavaThread "jar transforms Thread 112" [_thread_blocked, id=20608, stack(0x0000000029840000,0x0000000029940000)]
  0x000000001f00d000 JavaThread "jar transforms Thread 111" [_thread_blocked, id=19720, stack(0x0000000029740000,0x0000000029840000)]
  0x000000001f00c000 JavaThread "jar transforms Thread 110" [_thread_blocked, id=6604, stack(0x0000000029640000,0x0000000029740000)]
  0x000000001f004800 JavaThread "jar transforms Thread 109" [_thread_blocked, id=23408, stack(0x0000000029540000,0x0000000029640000)]
  0x000000001f00b800 JavaThread "jar transforms Thread 108" [_thread_blocked, id=15312, stack(0x0000000029440000,0x0000000029540000)]
  0x000000001f00a000 JavaThread "jar transforms Thread 107" [_thread_blocked, id=18472, stack(0x0000000029340000,0x0000000029440000)]
  0x000000001f004000 JavaThread "jar transforms Thread 106" [_thread_blocked, id=23216, stack(0x0000000029240000,0x0000000029340000)]
  0x000000001f005800 JavaThread "jar transforms Thread 105" [_thread_blocked, id=16512, stack(0x0000000029140000,0x0000000029240000)]
  0x000000001f00a800 JavaThread "jar transforms Thread 104" [_thread_blocked, id=22452, stack(0x0000000029040000,0x0000000029140000)]
  0x000000001f006000 JavaThread "jar transforms Thread 103" [_thread_blocked, id=19124, stack(0x0000000028f40000,0x0000000029040000)]
  0x000000001f002800 JavaThread "jar transforms Thread 102" [_thread_blocked, id=11860, stack(0x0000000028e40000,0x0000000028f40000)]
  0x000000001f007000 JavaThread "jar transforms Thread 101" [_thread_blocked, id=2496, stack(0x0000000028d40000,0x0000000028e40000)]
  0x000000001f009000 JavaThread "jar transforms Thread 100" [_thread_blocked, id=16360, stack(0x0000000028c40000,0x0000000028d40000)]
  0x000000001f007800 JavaThread "jar transforms Thread 99" [_thread_blocked, id=20440, stack(0x0000000028b40000,0x0000000028c40000)]
  0x000000001f003000 JavaThread "jar transforms Thread 98" [_thread_blocked, id=21200, stack(0x0000000028a40000,0x0000000028b40000)]
  0x000000001e958000 JavaThread "jar transforms Thread 97" [_thread_blocked, id=18892, stack(0x0000000028940000,0x0000000028a40000)]
  0x000000001e956800 JavaThread "jar transforms Thread 96" [_thread_blocked, id=9528, stack(0x0000000028840000,0x0000000028940000)]
  0x000000001e95d000 JavaThread "jar transforms Thread 95" [_thread_blocked, id=21716, stack(0x0000000028740000,0x0000000028840000)]
  0x000000001e95b800 JavaThread "jar transforms Thread 94" [_thread_blocked, id=9636, stack(0x0000000028640000,0x0000000028740000)]
  0x000000001e957000 JavaThread "jar transforms Thread 93" [_thread_blocked, id=21888, stack(0x0000000028540000,0x0000000028640000)]
  0x000000001e95b000 JavaThread "jar transforms Thread 92" [_thread_blocked, id=12188, stack(0x0000000028440000,0x0000000028540000)]
  0x000000001e95c800 JavaThread "jar transforms Thread 91" [_thread_blocked, id=3936, stack(0x0000000028340000,0x0000000028440000)]
  0x000000001e95a000 JavaThread "jar transforms Thread 90" [_thread_blocked, id=4564, stack(0x0000000028240000,0x0000000028340000)]
  0x000000001e958800 JavaThread "jar transforms Thread 89" [_thread_blocked, id=13896, stack(0x0000000028140000,0x0000000028240000)]
  0x000000001e959800 JavaThread "jar transforms Thread 88" [_thread_blocked, id=7888, stack(0x0000000028040000,0x0000000028140000)]
  0x000000001e94f000 JavaThread "jar transforms Thread 87" [_thread_blocked, id=13668, stack(0x0000000027f40000,0x0000000028040000)]
  0x000000001e950800 JavaThread "jar transforms Thread 86" [_thread_blocked, id=11204, stack(0x0000000027e40000,0x0000000027f40000)]
  0x000000001e955800 JavaThread "jar transforms Thread 85" [_thread_blocked, id=12304, stack(0x0000000027d40000,0x0000000027e40000)]
  0x000000001e94e000 JavaThread "jar transforms Thread 84" [_thread_blocked, id=19256, stack(0x0000000027c40000,0x0000000027d40000)]
  0x000000001e952000 JavaThread "jar transforms Thread 83" [_thread_blocked, id=6504, stack(0x0000000027b40000,0x0000000027c40000)]
  0x000000001e955000 JavaThread "jar transforms Thread 82" [_thread_blocked, id=18980, stack(0x0000000027a40000,0x0000000027b40000)]
  0x000000001e954000 JavaThread "jar transforms Thread 81" [_thread_blocked, id=22120, stack(0x0000000027940000,0x0000000027a40000)]
  0x000000001e94f800 JavaThread "jar transforms Thread 80" [_thread_blocked, id=12000, stack(0x0000000027840000,0x0000000027940000)]
  0x000000001e951000 JavaThread "jar transforms Thread 79" [_thread_blocked, id=7128, stack(0x0000000027740000,0x0000000027840000)]
  0x000000001e953800 JavaThread "jar transforms Thread 78" [_thread_blocked, id=1404, stack(0x0000000027640000,0x0000000027740000)]
  0x000000001e952800 JavaThread "jar transforms Thread 77" [_thread_blocked, id=7564, stack(0x0000000027540000,0x0000000027640000)]
  0x000000001f05d800 JavaThread "jar transforms Thread 76" [_thread_blocked, id=21172, stack(0x0000000027440000,0x0000000027540000)]
  0x000000001f05d000 JavaThread "jar transforms Thread 75" [_thread_blocked, id=21400, stack(0x0000000027340000,0x0000000027440000)]
  0x000000001f05c000 JavaThread "jar transforms Thread 74" [_thread_blocked, id=8928, stack(0x0000000027240000,0x0000000027340000)]
  0x000000001f05a800 JavaThread "jar transforms Thread 73" [_thread_blocked, id=4032, stack(0x0000000027140000,0x0000000027240000)]
  0x000000001f05e800 JavaThread "jar transforms Thread 72" [_thread_blocked, id=19312, stack(0x0000000027040000,0x0000000027140000)]
  0x000000001f05b800 JavaThread "jar transforms Thread 71" [_thread_blocked, id=18052, stack(0x0000000026f40000,0x0000000027040000)]
  0x000000001f05a000 JavaThread "jar transforms Thread 70" [_thread_blocked, id=1164, stack(0x0000000026e40000,0x0000000026f40000)]
  0x000000001f052800 JavaThread "jar transforms Thread 69" [_thread_blocked, id=12276, stack(0x0000000026d40000,0x0000000026e40000)]
  0x000000001f059000 JavaThread "jar transforms Thread 68" [_thread_blocked, id=19940, stack(0x0000000026c40000,0x0000000026d40000)]
  0x000000001f051800 JavaThread "jar transforms Thread 67" [_thread_blocked, id=13088, stack(0x0000000026b40000,0x0000000026c40000)]
  0x000000001f057800 JavaThread "jar transforms Thread 66" [_thread_blocked, id=8468, stack(0x0000000026a40000,0x0000000026b40000)]
  0x000000001f058800 JavaThread "jar transforms Thread 65" [_thread_blocked, id=16464, stack(0x0000000026940000,0x0000000026a40000)]
  0x000000001f050000 JavaThread "jar transforms Thread 64" [_thread_blocked, id=11224, stack(0x0000000026840000,0x0000000026940000)]
  0x000000001f057000 JavaThread "jar transforms Thread 63" [_thread_blocked, id=17520, stack(0x0000000026740000,0x0000000026840000)]
  0x000000001f04f800 JavaThread "jar transforms Thread 62" [_thread_blocked, id=19588, stack(0x0000000026640000,0x0000000026740000)]
  0x000000001f054800 JavaThread "jar transforms Thread 61" [_thread_blocked, id=2740, stack(0x0000000026540000,0x0000000026640000)]
  0x000000001f054000 JavaThread "jar transforms Thread 60" [_thread_blocked, id=18272, stack(0x0000000026440000,0x0000000026540000)]
  0x000000001f055800 JavaThread "jar transforms Thread 59" [_thread_blocked, id=4544, stack(0x0000000026340000,0x0000000026440000)]
  0x000000001f056000 JavaThread "jar transforms Thread 58" [_thread_blocked, id=22960, stack(0x0000000026240000,0x0000000026340000)]
  0x000000001f051000 JavaThread "jar transforms Thread 57" [_thread_blocked, id=17500, stack(0x0000000026140000,0x0000000026240000)]
  0x000000001f053000 JavaThread "jar transforms Thread 56" [_thread_blocked, id=11016, stack(0x0000000026040000,0x0000000026140000)]
  0x000000001e97a000 JavaThread "jar transforms Thread 55" [_thread_blocked, id=9444, stack(0x0000000025f40000,0x0000000026040000)]
  0x000000001e979000 JavaThread "jar transforms Thread 54" [_thread_blocked, id=12340, stack(0x0000000025e40000,0x0000000025f40000)]
  0x000000001e977800 JavaThread "jar transforms Thread 53" [_thread_blocked, id=15228, stack(0x0000000025d40000,0x0000000025e40000)]
  0x000000001e97d000 JavaThread "jar transforms Thread 52" [_thread_blocked, id=5620, stack(0x0000000025c40000,0x0000000025d40000)]
  0x000000001e976000 JavaThread "jar transforms Thread 51" [_thread_blocked, id=6800, stack(0x0000000025b40000,0x0000000025c40000)]
  0x000000001e97a800 JavaThread "jar transforms Thread 50" [_thread_blocked, id=252, stack(0x0000000025a40000,0x0000000025b40000)]
  0x000000001e977000 JavaThread "jar transforms Thread 49" [_thread_blocked, id=8364, stack(0x0000000025940000,0x0000000025a40000)]
  0x000000001e97c000 JavaThread "jar transforms Thread 48" [_thread_blocked, id=17140, stack(0x0000000025840000,0x0000000025940000)]
  0x000000001e97b800 JavaThread "jar transforms Thread 47" [_thread_blocked, id=11984, stack(0x0000000025740000,0x0000000025840000)]
  0x000000001e978800 JavaThread "jar transforms Thread 46" [_thread_blocked, id=676, stack(0x0000000025640000,0x0000000025740000)]
  0x000000001e96e800 JavaThread "jar transforms Thread 45" [_thread_blocked, id=4760, stack(0x0000000025540000,0x0000000025640000)]
  0x000000001e975800 JavaThread "jar transforms Thread 44" [_thread_blocked, id=19528, stack(0x0000000025440000,0x0000000025540000)]
  0x000000001e96e000 JavaThread "jar transforms Thread 43" [_thread_blocked, id=23224, stack(0x0000000025340000,0x0000000025440000)]
  0x000000001e972800 JavaThread "jar transforms Thread 42" [_thread_blocked, id=2096, stack(0x0000000025240000,0x0000000025340000)]
  0x000000001e971800 JavaThread "jar transforms Thread 41" [_thread_blocked, id=18704, stack(0x0000000025140000,0x0000000025240000)]
  0x000000001e971000 JavaThread "jar transforms Thread 40" [_thread_blocked, id=11808, stack(0x0000000025040000,0x0000000025140000)]
  0x000000001e970000 JavaThread "jar transforms Thread 39" [_thread_blocked, id=8092, stack(0x0000000024f40000,0x0000000025040000)]
  0x000000001e96f800 JavaThread "jar transforms Thread 38" [_thread_blocked, id=19740, stack(0x0000000024e40000,0x0000000024f40000)]
  0x000000001e974800 JavaThread "jar transforms Thread 37" [_thread_blocked, id=7612, stack(0x0000000024d40000,0x0000000024e40000)]
  0x000000001e974000 JavaThread "jar transforms Thread 36" [_thread_blocked, id=9552, stack(0x0000000024c40000,0x0000000024d40000)]
  0x000000001e973000 JavaThread "jar transforms Thread 35" [_thread_blocked, id=21900, stack(0x0000000024b40000,0x0000000024c40000)]
  0x000000001f3d3000 JavaThread "jar transforms Thread 34" [_thread_blocked, id=18152, stack(0x0000000024a40000,0x0000000024b40000)]
  0x000000001f3d2000 JavaThread "jar transforms Thread 33" [_thread_blocked, id=16120, stack(0x0000000024940000,0x0000000024a40000)]
  0x000000001f3d3800 JavaThread "jar transforms Thread 32" [_thread_blocked, id=11740, stack(0x0000000024840000,0x0000000024940000)]
  0x000000001f3d1800 JavaThread "jar transforms Thread 31" [_thread_blocked, id=22780, stack(0x0000000024740000,0x0000000024840000)]
  0x000000001f3cf000 JavaThread "jar transforms Thread 30" [_thread_blocked, id=16224, stack(0x0000000024640000,0x0000000024740000)]
  0x000000001f3d0800 JavaThread "jar transforms Thread 29" [_thread_blocked, id=6784, stack(0x0000000024540000,0x0000000024640000)]
  0x000000001f3d0000 JavaThread "jar transforms Thread 28" [_thread_blocked, id=17920, stack(0x0000000024440000,0x0000000024540000)]
  0x000000001f3ce800 JavaThread "jar transforms Thread 27" [_thread_blocked, id=21424, stack(0x0000000024340000,0x0000000024440000)]
  0x000000001f3c6800 JavaThread "jar transforms Thread 26" [_thread_blocked, id=19192, stack(0x0000000024240000,0x0000000024340000)]
  0x000000001f3cd800 JavaThread "jar transforms Thread 25" [_thread_blocked, id=10260, stack(0x0000000024140000,0x0000000024240000)]
  0x000000001f3cd000 JavaThread "jar transforms Thread 24" [_thread_blocked, id=16732, stack(0x0000000024040000,0x0000000024140000)]
  0x000000001f3c5000 JavaThread "jar transforms Thread 23" [_thread_blocked, id=20160, stack(0x0000000023f40000,0x0000000024040000)]
  0x000000001f3c9000 JavaThread "jar transforms Thread 22" [_thread_blocked, id=9708, stack(0x0000000023e40000,0x0000000023f40000)]
  0x000000001f3cc000 JavaThread "jar transforms Thread 21" [_thread_blocked, id=22012, stack(0x0000000023d40000,0x0000000023e40000)]
  0x000000001f3c6000 JavaThread "jar transforms Thread 20" [_thread_blocked, id=2900, stack(0x0000000023c40000,0x0000000023d40000)]
  0x000000001f3c4800 JavaThread "jar transforms Thread 19" [_thread_blocked, id=12432, stack(0x0000000023b40000,0x0000000023c40000)]
  0x000000001f3cb800 JavaThread "jar transforms Thread 18" [_thread_blocked, id=22824, stack(0x0000000023a40000,0x0000000023b40000)]
  0x000000001f3ca800 JavaThread "jar transforms Thread 17" [_thread_blocked, id=19412, stack(0x0000000023940000,0x0000000023a40000)]
  0x000000001f3ca000 JavaThread "jar transforms Thread 16" [_thread_blocked, id=20204, stack(0x0000000023840000,0x0000000023940000)]
  0x000000001f3c8800 JavaThread "jar transforms Thread 15" [_thread_blocked, id=5808, stack(0x0000000023740000,0x0000000023840000)]
  0x000000001f3c7800 JavaThread "jar transforms Thread 14" [_thread_blocked, id=18280, stack(0x0000000023640000,0x0000000023740000)]
  0x000000001df92800 JavaThread "jar transforms Thread 13" [_thread_blocked, id=16804, stack(0x0000000023540000,0x0000000023640000)]
  0x000000001df98800 JavaThread "jar transforms Thread 12" [_thread_blocked, id=14648, stack(0x0000000023440000,0x0000000023540000)]
  0x000000001df97000 JavaThread "jar transforms Thread 11" [_thread_blocked, id=16060, stack(0x0000000023240000,0x0000000023340000)]
  0x000000001df95800 JavaThread "jar transforms Thread 10" [_thread_blocked, id=18372, stack(0x0000000023140000,0x0000000023240000)]
  0x000000001df94800 JavaThread "jar transforms Thread 9" [_thread_blocked, id=21092, stack(0x0000000023040000,0x0000000023140000)]
  0x000000001df91800 JavaThread "jar transforms Thread 8" [_thread_blocked, id=7668, stack(0x0000000022f40000,0x0000000023040000)]
  0x000000001df93000 JavaThread "jar transforms Thread 7" [_thread_blocked, id=8348, stack(0x0000000022e40000,0x0000000022f40000)]
  0x000000001df94000 JavaThread "jar transforms Thread 6" [_thread_blocked, id=22244, stack(0x0000000022d40000,0x0000000022e40000)]
  0x000000001df91000 JavaThread "jar transforms Thread 5" [_thread_blocked, id=19304, stack(0x0000000022c40000,0x0000000022d40000)]
  0x000000001df96000 JavaThread "jar transforms Thread 4" [_thread_blocked, id=16300, stack(0x0000000022680000,0x0000000022780000)]
  0x000000001df97800 JavaThread "jar transforms Thread 3" [_thread_blocked, id=23300, stack(0x0000000022580000,0x0000000022680000)]
  0x000000001df8b800 JavaThread "jar transforms Thread 2" [_thread_blocked, id=23192, stack(0x0000000022480000,0x0000000022580000)]
  0x000000001df8c800 JavaThread "Build operations Thread 4" [_thread_blocked, id=19892, stack(0x0000000022b40000,0x0000000022c40000)]
  0x000000001df8b000 JavaThread "Build operations Thread 3" [_thread_blocked, id=11920, stack(0x0000000022a40000,0x0000000022b40000)]
  0x000000001df89800 JavaThread "Build operations Thread 2" [_thread_blocked, id=11028, stack(0x0000000022940000,0x0000000022a40000)]
  0x000000001df90000 JavaThread "Build operations" [_thread_blocked, id=15256, stack(0x0000000022840000,0x0000000022940000)]
  0x000000001b5ec800 JavaThread "Cache worker for file content cache (C:\Users\AYUSHCYBERTRON\.gradle\caches\6.5\fileContent)" [_thread_blocked, id=21128, stack(0x0000000021d80000,0x0000000021e80000)]
  0x000000001b5f0800 JavaThread "jar transforms" [_thread_blocked, id=16932, stack(0x0000000021c80000,0x0000000021d80000)]
  0x000000001b5ef800 JavaThread "Cache worker for execution history cache (C:\Users\AYUSHCYBERTRON\.gradle\caches\6.5\executionHistory)" [_thread_blocked, id=5600, stack(0x0000000021580000,0x0000000021680000)]
  0x000000001b5ec000 JavaThread "Cache worker for cache directory md-rule (C:\Users\AYUSHCYBERTRON\.gradle\caches\6.5\md-rule)" [_thread_blocked, id=23440, stack(0x0000000021480000,0x0000000021580000)]
  0x000000001b5eb000 JavaThread "Cache worker for cache directory md-supplier (C:\Users\AYUSHCYBERTRON\.gradle\caches\6.5\md-supplier)" [_thread_blocked, id=2892, stack(0x000000001ff50000,0x0000000020050000)]
  0x000000001b5ee000 JavaThread "Cache worker for checksums cache (C:\Users\AYUSHCYBERTRON\AndroidStudioProjects\TripWhiz2\.gradle\checksums)" [_thread_blocked, id=4596, stack(0x000000001fe50000,0x000000001ff50000)]
  0x000000001b5f1000 JavaThread "Cache worker for file hash cache (C:\Users\AYUSHCYBERTRON\AndroidStudioProjects\TripWhiz2\.gradle\6.5\fileHashes)" [_thread_blocked, id=16768, stack(0x00000000210a0000,0x00000000211a0000)]
  0x000000001b5ed800 JavaThread "Cache worker for file hash cache (C:\Users\AYUSHCYBERTRON\.gradle\caches\6.5\fileHashes)" [_thread_blocked, id=16460, stack(0x000000001d9b0000,0x000000001dab0000)]
  0x000000001b5f2000 JavaThread "File lock request listener" [_thread_in_native, id=15340, stack(0x000000001d8b0000,0x000000001d9b0000)]
  0x000000001a403000 JavaThread "Cache worker for journal cache (C:\Users\AYUSHCYBERTRON\.gradle\caches\journal-1)" [_thread_blocked, id=9852, stack(0x000000001d7b0000,0x000000001d8b0000)]
  0x0000000019c84800 JavaThread "Thread-9" [_thread_blocked, id=22440, stack(0x000000001d4b0000,0x000000001d5b0000)]
  0x0000000019caa000 JavaThread "Stdin handler" [_thread_blocked, id=21056, stack(0x000000001d3b0000,0x000000001d4b0000)]
  0x0000000019ca9800 JavaThread "Asynchronous log dispatcher for DefaultDaemonConnection: socket connection from /127.0.0.1:51489 to /127.0.0.1:51490" [_thread_blocked, id=20772, stack(0x000000001d2b0000,0x000000001d3b0000)]
  0x0000000019aa5800 JavaThread "Daemon worker" [_thread_blocked, id=20908, stack(0x000000001d1b0000,0x000000001d2b0000)]
  0x0000000019c73800 JavaThread "Cancel handler" [_thread_blocked, id=10648, stack(0x000000001d0b0000,0x000000001d1b0000)]
  0x000000001b440000 JavaThread "Handler for socket connection from /127.0.0.1:51489 to /127.0.0.1:51490" [_thread_in_native, id=10724, stack(0x000000001cdb0000,0x000000001ceb0000)]
  0x000000001b43f000 JavaThread "Daemon" [_thread_blocked, id=21032, stack(0x000000001ccb0000,0x000000001cdb0000)]
  0x000000001b2fe000 JavaThread "Daemon periodic checks" [_thread_blocked, id=4188, stack(0x000000001cbb0000,0x000000001ccb0000)]
  0x000000001b2e0000 JavaThread "Incoming local TCP Connector on port 51489" [_thread_in_native, id=13328, stack(0x000000001c970000,0x000000001ca70000)]
  0x000000001b2bf800 JavaThread "Daemon health stats" [_thread_blocked, id=19088, stack(0x000000001c330000,0x000000001c430000)]
  0x00000000193b8800 JavaThread "Service Thread" daemon [_thread_blocked, id=11704, stack(0x0000000019790000,0x0000000019890000)]
  0x0000000017a48800 JavaThread "C1 CompilerThread2" daemon [_thread_blocked, id=19812, stack(0x0000000019290000,0x0000000019390000)]
=>0x0000000017a3a000 JavaThread "C2 CompilerThread1" daemon [_thread_in_native, id=21168, stack(0x0000000019190000,0x0000000019290000)]
  0x0000000017a36000 JavaThread "C2 CompilerThread0" daemon [_thread_in_native, id=11628, stack(0x0000000019090000,0x0000000019190000)]
  0x0000000017a32000 JavaThread "Attach Listener" daemon [_thread_blocked, id=1056, stack(0x0000000018f90000,0x0000000019090000)]
  0x0000000017a31000 JavaThread "Signal Dispatcher" daemon [_thread_blocked, id=14864, stack(0x0000000018e90000,0x0000000018f90000)]
  0x0000000002e0b000 JavaThread "Finalizer" daemon [_thread_blocked, id=9324, stack(0x0000000018c90000,0x0000000018d90000)]
  0x0000000017a19000 JavaThread "Reference Handler" daemon [_thread_blocked, id=2412, stack(0x0000000018b90000,0x0000000018c90000)]
  0x0000000002d0e800 JavaThread "main" [_thread_blocked, id=17144, stack(0x0000000002b70000,0x0000000002c70000)]

Other Threads:
  0x00000000179f6000 VMThread [stack: 0x0000000018a90000,0x0000000018b90000] [id=15728]
  0x00000000193b9000 WatcherThread [stack: 0x0000000019890000,0x0000000019990000] [id=536]

VM state:not at safepoint (normal execution)

VM Mutex/Monitor currently owned by a thread: None

heap address: 0x0000000080000000, size: 2048 MB, Compressed Oops mode: 32-bit
Narrow klass base: 0x0000000000000000, Narrow klass shift: 3
Compressed class space size: 1073741824 Address: 0x0000000100000000

Heap:
 PSYoungGen      total 278528K, used 32075K [0x00000000d5580000, 0x00000000eb080000, 0x0000000100000000)
  eden space 256512K, 3% used [0x00000000d5580000,0x00000000d5f577e0,0x00000000e5000000)
  from space 22016K, 99% used [0x00000000e7680000,0x00000000e8bfb6e8,0x00000000e8c00000)
  to   space 39424K, 0% used [0x00000000e5000000,0x00000000e5000000,0x00000000e7680000)
 ParOldGen       total 116224K, used 70268K [0x0000000080000000, 0x0000000087180000, 0x00000000d5580000)
  object space 116224K, 60% used [0x0000000080000000,0x000000008449f258,0x0000000087180000)
 Metaspace       used 75131K, capacity 78436K, committed 78616K, reserved 1116160K
  class space    used 10386K, capacity 11003K, committed 11056K, reserved 1048576K

Card table byte_map: [0x00000000121d0000,0x00000000125e0000] byte_map_base: 0x0000000011dd0000

Marking Bits: (ParMarkBitMap*) 0x0000000076e7f030
 Begin Bits: [0x0000000012c90000, 0x0000000014c90000)
 End Bits:   [0x0000000014c90000, 0x0000000016c90000)

Polling page: 0x0000000000dd0000

CodeCache: size=245760Kb used=26206Kb max_used=26206Kb free=219553Kb
 bounds [0x0000000002e10000, 0x00000000047c0000, 0x0000000011e10000]
 total_blobs=9295 nmethods=8477 adapters=730
 compilation: enabled

Compilation events (10 events):
Event: 11.501 Thread 0x0000000017a48800 9487       2       com.android.tools.r8.graph.X0$$Lambda$713/722703580::accept (16 bytes)
Event: 11.502 Thread 0x0000000017a48800 nmethod 9487 0x00000000047bd450 code [0x00000000047bd5e0, 0x00000000047bd898]
Event: 11.502 Thread 0x0000000017a48800 9488       2       com.android.tools.r8.graph.X0::b (28 bytes)
Event: 11.502 Thread 0x0000000017a48800 nmethod 9488 0x00000000047bdad0 code [0x00000000047bdc40, 0x00000000047bdeb8]
Event: 11.504 Thread 0x0000000017a48800 9490       2       com.android.tools.r8.t.a.a.a.h.f0$f::l (60 bytes)
Event: 11.504 Thread 0x0000000017a48800 nmethod 9490 0x00000000047be050 code [0x00000000047be1c0, 0x00000000047be428]
Event: 11.504 Thread 0x0000000017a48800 9489       2       com.android.tools.r8.utils.q1::a (13 bytes)
Event: 11.504 Thread 0x0000000017a48800 nmethod 9489 0x00000000047be5d0 code [0x00000000047be720, 0x00000000047be890]
Event: 11.509 Thread 0x0000000017a48800 9492       2       com.android.tools.r8.code.K3::<init> (7 bytes)
Event: 11.509 Thread 0x0000000017a48800 nmethod 9492 0x00000000047be910 code [0x00000000047bea60, 0x00000000047bec10]

GC Heap History (10 events):
Event: 6.717 GC heap before
{Heap before GC invocations=13 (full 2):
 PSYoungGen      total 178176K, used 178096K [0x00000000d5580000, 0x00000000e1500000, 0x0000000100000000)
  eden space 169984K, 100% used [0x00000000d5580000,0x00000000dfb80000,0x00000000dfb80000)
  from space 8192K, 99% used [0x00000000e0d00000,0x00000000e14ec0a0,0x00000000e1500000)
  to   space 12800K, 0% used [0x00000000dfc00000,0x00000000dfc00000,0x00000000e0880000)
 ParOldGen       total 77312K, used 18089K [0x0000000080000000, 0x0000000084b80000, 0x00000000d5580000)
  object space 77312K, 23% used [0x0000000080000000,0x00000000811aa580,0x0000000084b80000)
 Metaspace       used 53601K, capacity 55564K, committed 55720K, reserved 1097728K
  class space    used 7134K, capacity 7588K, committed 7600K, reserved 1048576K
Event: 6.742 GC heap after
Heap after GC invocations=13 (full 2):
 PSYoungGen      total 183296K, used 12781K [0x00000000d5580000, 0x00000000e5280000, 0x0000000100000000)
  eden space 170496K, 0% used [0x00000000d5580000,0x00000000d5580000,0x00000000dfc00000)
  from space 12800K, 99% used [0x00000000dfc00000,0x00000000e087b708,0x00000000e0880000)
  to   space 18944K, 0% used [0x00000000e4000000,0x00000000e4000000,0x00000000e5280000)
 ParOldGen       total 77312K, used 30713K [0x0000000080000000, 0x0000000084b80000, 0x00000000d5580000)
  object space 77312K, 39% used [0x0000000080000000,0x0000000081dfe588,0x0000000084b80000)
 Metaspace       used 53601K, capacity 55564K, committed 55720K, reserved 1097728K
  class space    used 7134K, capacity 7588K, committed 7600K, reserved 1048576K
}
Event: 7.229 GC heap before
{Heap before GC invocations=14 (full 2):
 PSYoungGen      total 183296K, used 48448K [0x00000000d5580000, 0x00000000e5280000, 0x0000000100000000)
  eden space 170496K, 20% used [0x00000000d5580000,0x00000000d7854950,0x00000000dfc00000)
  from space 12800K, 99% used [0x00000000dfc00000,0x00000000e087b708,0x00000000e0880000)
  to   space 18944K, 0% used [0x00000000e4000000,0x00000000e4000000,0x00000000e5280000)
 ParOldGen       total 77312K, used 30713K [0x0000000080000000, 0x0000000084b80000, 0x00000000d5580000)
  object space 77312K, 39% used [0x0000000080000000,0x0000000081dfe588,0x0000000084b80000)
 Metaspace       used 56935K, capacity 59084K, committed 59160K, reserved 1099776K
  class space    used 7712K, capacity 8181K, committed 8240K, reserved 1048576K
Event: 7.242 GC heap after
Heap after GC invocations=14 (full 2):
 PSYoungGen      total 240128K, used 4134K [0x00000000d5580000, 0x00000000e5300000, 0x0000000100000000)
  eden space 221184K, 0% used [0x00000000d5580000,0x00000000d5580000,0x00000000e2d80000)
  from space 18944K, 21% used [0x00000000e4000000,0x00000000e4409980,0x00000000e5280000)
  to   space 18944K, 0% used [0x00000000e2d80000,0x00000000e2d80000,0x00000000e4000000)
 ParOldGen       total 77312K, used 41483K [0x0000000080000000, 0x0000000084b80000, 0x00000000d5580000)
  object space 77312K, 53% used [0x0000000080000000,0x0000000082882e70,0x0000000084b80000)
 Metaspace       used 56935K, capacity 59084K, committed 59160K, reserved 1099776K
  class space    used 7712K, capacity 8181K, committed 8240K, reserved 1048576K
}
Event: 7.242 GC heap before
{Heap before GC invocations=15 (full 3):
 PSYoungGen      total 240128K, used 4134K [0x00000000d5580000, 0x00000000e5300000, 0x0000000100000000)
  eden space 221184K, 0% used [0x00000000d5580000,0x00000000d5580000,0x00000000e2d80000)
  from space 18944K, 21% used [0x00000000e4000000,0x00000000e4409980,0x00000000e5280000)
  to   space 18944K, 0% used [0x00000000e2d80000,0x00000000e2d80000,0x00000000e4000000)
 ParOldGen       total 77312K, used 41483K [0x0000000080000000, 0x0000000084b80000, 0x00000000d5580000)
  object space 77312K, 53% used [0x0000000080000000,0x0000000082882e70,0x0000000084b80000)
 Metaspace       used 56935K, capacity 59084K, committed 59160K, reserved 1099776K
  class space    used 7712K, capacity 8181K, committed 8240K, reserved 1048576K
Event: 7.392 GC heap after
Heap after GC invocations=15 (full 3):
 PSYoungGen      total 240128K, used 0K [0x00000000d5580000, 0x00000000e5300000, 0x0000000100000000)
  eden space 221184K, 0% used [0x00000000d5580000,0x00000000d5580000,0x00000000e2d80000)
  from space 18944K, 0% used [0x00000000e4000000,0x00000000e4000000,0x00000000e5280000)
  to   space 18944K, 0% used [0x00000000e2d80000,0x00000000e2d80000,0x00000000e4000000)
 ParOldGen       total 116224K, used 31711K [0x0000000080000000, 0x0000000087180000, 0x00000000d5580000)
  object space 116224K, 27% used [0x0000000080000000,0x0000000081ef7c00,0x0000000087180000)
 Metaspace       used 56925K, capacity 59054K, committed 59160K, reserved 1099776K
  class space    used 7709K, capacity 8176K, committed 8240K, reserved 1048576K
}
Event: 9.704 GC heap before
{Heap before GC invocations=16 (full 3):
 PSYoungGen      total 240128K, used 221184K [0x00000000d5580000, 0x00000000e5300000, 0x0000000100000000)
  eden space 221184K, 100% used [0x00000000d5580000,0x00000000e2d80000,0x00000000e2d80000)
  from space 18944K, 0% used [0x00000000e4000000,0x00000000e4000000,0x00000000e5280000)
  to   space 18944K, 0% used [0x00000000e2d80000,0x00000000e2d80000,0x00000000e4000000)
 ParOldGen       total 116224K, used 31711K [0x0000000080000000, 0x0000000087180000, 0x00000000d5580000)
  object space 116224K, 27% used [0x0000000080000000,0x0000000081ef7c00,0x0000000087180000)
 Metaspace       used 66266K, capacity 69120K, committed 69400K, reserved 1110016K
  class space    used 9089K, capacity 9653K, committed 9776K, reserved 1048576K
Event: 9.725 GC heap after
Heap after GC invocations=16 (full 3):
 PSYoungGen      total 240128K, used 18920K [0x00000000d5580000, 0x00000000e8c00000, 0x0000000100000000)
  eden space 221184K, 0% used [0x00000000d5580000,0x00000000d5580000,0x00000000e2d80000)
  from space 18944K, 99% used [0x00000000e2d80000,0x00000000e3ffa3d0,0x00000000e4000000)
  to   space 22016K, 0% used [0x00000000e7680000,0x00000000e7680000,0x00000000e8c00000)
 ParOldGen       total 116224K, used 32386K [0x0000000080000000, 0x0000000087180000, 0x00000000d5580000)
  object space 116224K, 27% used [0x0000000080000000,0x0000000081fa0b88,0x0000000087180000)
 Metaspace       used 66266K, capacity 69120K, committed 69400K, reserved 1110016K
  class space    used 9089K, capacity 9653K, committed 9776K, reserved 1048576K
}
Event: 11.410 GC heap before
{Heap before GC invocations=17 (full 3):
 PSYoungGen      total 240128K, used 240104K [0x00000000d5580000, 0x00000000e8c00000, 0x0000000100000000)
  eden space 221184K, 100% used [0x00000000d5580000,0x00000000e2d80000,0x00000000e2d80000)
  from space 18944K, 99% used [0x00000000e2d80000,0x00000000e3ffa3d0,0x00000000e4000000)
  to   space 22016K, 0% used [0x00000000e7680000,0x00000000e7680000,0x00000000e8c00000)
 ParOldGen       total 116224K, used 32386K [0x0000000080000000, 0x0000000087180000, 0x00000000d5580000)
  object space 116224K, 27% used [0x0000000080000000,0x0000000081fa0b88,0x0000000087180000)
 Metaspace       used 75108K, capacity 78428K, committed 78616K, reserved 1116160K
  class space    used 10386K, capacity 11003K, committed 11056K, reserved 1048576K
Event: 11.461 GC heap after
Heap after GC invocations=17 (full 3):
 PSYoungGen      total 278528K, used 21997K [0x00000000d5580000, 0x00000000eb080000, 0x0000000100000000)
  eden space 256512K, 0% used [0x00000000d5580000,0x00000000d5580000,0x00000000e5000000)
  from space 22016K, 99% used [0x00000000e7680000,0x00000000e8bfb6e8,0x00000000e8c00000)
  to   space 39424K, 0% used [0x00000000e5000000,0x00000000e5000000,0x00000000e7680000)
 ParOldGen       total 116224K, used 70268K [0x0000000080000000, 0x0000000087180000, 0x00000000d5580000)
  object space 116224K, 60% used [0x0000000080000000,0x000000008449f258,0x0000000087180000)
 Metaspace       used 75108K, capacity 78428K, committed 78616K, reserved 1116160K
  class space    used 10386K, capacity 11003K, committed 11056K, reserved 1048576K
}

Deoptimization events (10 events):
Event: 11.238 Thread 0x0000000020d2c800 Uncommon trap: reason=unstable_if action=reinterpret pc=0x000000000468a1e4 method=com.android.tools.r8.q.a.b.l.d.a(Ljava/lang/Object;Z)Lcom/android/tools/r8/q/a/b/l/f; @ 15
Event: 11.259 Thread 0x0000000020d2c800 Uncommon trap: reason=unstable_if action=reinterpret pc=0x0000000003072adc method=java.nio.Bits.putInt(Ljava/nio/ByteBuffer;IIZ)V @ 1
Event: 11.273 Thread 0x0000000020d2b000 Uncommon trap: reason=unstable_if action=reinterpret pc=0x0000000003413e54 method=java.util.WeakHashMap.remove(Ljava/lang/Object;)Ljava/lang/Object; @ 94
Event: 11.274 Thread 0x0000000020d29000 Uncommon trap: reason=unstable_if action=reinterpret pc=0x00000000033f1aa8 method=java.util.WeakHashMap.remove(Ljava/lang/Object;)Ljava/lang/Object; @ 94
Event: 11.307 Thread 0x0000000020d29800 Uncommon trap: reason=unstable_if action=reinterpret pc=0x00000000037313f0 method=java.util.Arrays.hashCode([Ljava/lang/Object;)I @ 1
Event: 11.307 Thread 0x0000000020d2b000 Uncommon trap: reason=unstable_if action=reinterpret pc=0x00000000037313f0 method=java.util.Arrays.hashCode([Ljava/lang/Object;)I @ 1
Event: 11.307 Thread 0x0000000020d27800 Uncommon trap: reason=unstable_if action=reinterpret pc=0x00000000037313f0 method=java.util.Arrays.hashCode([Ljava/lang/Object;)I @ 1
Event: 11.307 Thread 0x0000000020d29000 Uncommon trap: reason=unstable_if action=reinterpret pc=0x00000000037313f0 method=java.util.Arrays.hashCode([Ljava/lang/Object;)I @ 1
Event: 11.351 Thread 0x0000000020d2b000 Uncommon trap: reason=unstable_if action=reinterpret pc=0x0000000004715910 method=com.android.tools.r8.graph.i0.b(Lcom/android/tools/r8/graph/i0;)I @ 49
Event: 11.352 Thread 0x0000000020d2b000 Uncommon trap: reason=unstable_if action=reinterpret pc=0x0000000004716600 method=com.android.tools.r8.dex.n.i()Lcom/android/tools/r8/graph/l0; @ 54

Classes redefined (0 events):
No events

Internal exceptions (10 events):
Event: 10.543 Thread 0x0000000020d23800 Exception <a 'sun/nio/fs/WindowsException'> (0x00000000daf0bd88) thrown at [C:\src\AOSP-openjdk-git\hotspot\src\share\vm\prims\jni.cpp, line 710]
Event: 10.751 Thread 0x000000001df90000 Implicit null exception at 0x00000000045d3e23 to 0x00000000045d42cd
Event: 10.848 Thread 0x0000000020d23800 Exception <a 'java/lang/NoSuchMethodError': <clinit>> (0x00000000dd54e6e0) thrown at [C:\src\AOSP-openjdk-git\hotspot\src\share\vm\prims\jni.cpp, line 1615]
Event: 10.851 Thread 0x0000000020d23800 Exception <a 'java/lang/NoSuchMethodError': <clinit>> (0x00000000dd561d98) thrown at [C:\src\AOSP-openjdk-git\hotspot\src\share\vm\prims\jni.cpp, line 1615]
Event: 10.854 Thread 0x0000000020d23800 Exception <a 'java/lang/NoSuchMethodError': <clinit>> (0x00000000dd59c920) thrown at [C:\src\AOSP-openjdk-git\hotspot\src\share\vm\prims\jni.cpp, line 1615]
Event: 10.991 Thread 0x0000000020d2c800 Exception <a 'sun/nio/fs/WindowsException'> (0x00000000dea06c10) thrown at [C:\src\AOSP-openjdk-git\hotspot\src\share\vm\prims\jni.cpp, line 710]
Event: 11.307 Thread 0x0000000020d29800 Implicit null exception at 0x00000000037312ef to 0x00000000037313e1
Event: 11.307 Thread 0x0000000020d2b000 Implicit null exception at 0x00000000037312ef to 0x00000000037313e1
Event: 11.307 Thread 0x0000000020d27800 Implicit null exception at 0x00000000037312ef to 0x00000000037313e1
Event: 11.307 Thread 0x0000000020d29000 Implicit null exception at 0x00000000037312ef to 0x00000000037313e1

Events (10 events):
Event: 11.352 Thread 0x0000000020d2b000 DEOPT PACKING pc=0x0000000004716600 sp=0x000000002df5eb80
Event: 11.352 Thread 0x0000000020d2b000 DEOPT UNPACKING pc=0x0000000002e5557b sp=0x000000002df5eb28 mode 2
Event: 11.352 loading class com/android/tools/r8/s/a/p/i
Event: 11.352 loading class com/android/tools/r8/s/a/p/i done
Event: 11.410 Executing VM operation: ParallelGCFailedAllocation
Event: 11.461 Executing VM operation: ParallelGCFailedAllocation done
Event: 11.463 Executing VM operation: RevokeBias
Event: 11.463 Executing VM operation: RevokeBias done
Event: 11.463 Executing VM operation: RevokeBias
Event: 11.463 Executing VM operation: RevokeBias done


Dynamic libraries:
0x00007ff7d7b10000 - 0x00007ff7d7b41000 	C:\Program Files\Android\Android Studio\jre\bin\java.exe
0x00007ffc00020000 - 0x00007ffc00210000 	C:\WINDOWS\SYSTEM32\ntdll.dll
0x00007ffbff670000 - 0x00007ffbff722000 	C:\WINDOWS\System32\KERNEL32.DLL
0x00007ffbfde20000 - 0x00007ffbfe0c5000 	C:\WINDOWS\System32\KERNELBASE.dll
0x00007ffbff420000 - 0x00007ffbff4c3000 	C:\WINDOWS\System32\ADVAPI32.dll
0x00007ffbff380000 - 0x00007ffbff41e000 	C:\WINDOWS\System32\msvcrt.dll
0x00007ffbff2e0000 - 0x00007ffbff377000 	C:\WINDOWS\System32\sechost.dll
0x00007ffbff7d0000 - 0x00007ffbff8f0000 	C:\WINDOWS\System32\RPCRT4.dll
0x00007ffbfe330000 - 0x00007ffbfe4c4000 	C:\WINDOWS\System32\USER32.dll
0x00007ffbfd030000 - 0x00007ffbfd051000 	C:\WINDOWS\System32\win32u.dll
0x00007ffbffd00000 - 0x00007ffbffd26000 	C:\WINDOWS\System32\GDI32.dll
0x00007ffbfd3b0000 - 0x00007ffbfd546000 	C:\WINDOWS\System32\gdi32full.dll
0x00007ffbfd260000 - 0x00007ffbfd2fe000 	C:\WINDOWS\System32\msvcp_win.dll
0x00007ffbfdd20000 - 0x00007ffbfde1a000 	C:\WINDOWS\System32\ucrtbase.dll
0x00007ffbe35c0000 - 0x00007ffbe3844000 	C:\WINDOWS\WinSxS\amd64_microsoft.windows.common-controls_6595b64144ccf1df_6.0.18362.1139_none_9e7bf2d3e4605ac6\COMCTL32.dll
0x00007ffbff8f0000 - 0x00007ffbffc25000 	C:\WINDOWS\System32\combase.dll
0x00007ffbfcfb0000 - 0x00007ffbfd030000 	C:\WINDOWS\System32\bcryptPrimitives.dll
0x00007ffbff530000 - 0x00007ffbff55e000 	C:\WINDOWS\System32\IMM32.DLL
0x0000000077aa0000 - 0x0000000077b72000 	C:\Program Files\Android\Android Studio\jre\jre\bin\msvcr100.dll
0x00000000766b0000 - 0x0000000076efb000 	C:\Program Files\Android\Android Studio\jre\jre\bin\server\jvm.dll
0x00007ffbff7c0000 - 0x00007ffbff7c8000 	C:\WINDOWS\System32\PSAPI.DLL
0x00007ffbf4310000 - 0x00007ffbf4334000 	C:\WINDOWS\SYSTEM32\WINMM.dll
0x00007ffbf7080000 - 0x00007ffbf7089000 	C:\WINDOWS\SYSTEM32\WSOCK32.dll
0x00007ffbfff70000 - 0x00007ffbfffdf000 	C:\WINDOWS\System32\WS2_32.dll
0x00007ffbf7a60000 - 0x00007ffbf7a6a000 	C:\WINDOWS\SYSTEM32\VERSION.dll
0x00007ffbf40d0000 - 0x00007ffbf40fd000 	C:\WINDOWS\SYSTEM32\WINMMBASE.dll
0x00007ffbfd300000 - 0x00007ffbfd34a000 	C:\WINDOWS\System32\cfgmgr32.dll
0x00007ffbf7070000 - 0x00007ffbf707f000 	C:\Program Files\Android\Android Studio\jre\jre\bin\verify.dll
0x00007ffbeff60000 - 0x00007ffbeff89000 	C:\Program Files\Android\Android Studio\jre\jre\bin\java.dll
0x00007ffbf5cb0000 - 0x00007ffbf5cc6000 	C:\Program Files\Android\Android Studio\jre\jre\bin\zip.dll
0x00007ffbfeab0000 - 0x00007ffbff197000 	C:\WINDOWS\System32\SHELL32.dll
0x00007ffbfe200000 - 0x00007ffbfe2a9000 	C:\WINDOWS\System32\shcore.dll
0x00007ffbfd550000 - 0x00007ffbfdcd0000 	C:\WINDOWS\System32\windows.storage.dll
0x00007ffbfcf80000 - 0x00007ffbfcfa3000 	C:\WINDOWS\System32\profapi.dll
0x00007ffbfcf30000 - 0x00007ffbfcf7a000 	C:\WINDOWS\System32\powrprof.dll
0x00007ffbfcee0000 - 0x00007ffbfcef0000 	C:\WINDOWS\System32\UMPDC.dll
0x00007ffbfe1a0000 - 0x00007ffbfe1f2000 	C:\WINDOWS\System32\shlwapi.dll
0x00007ffbfcf10000 - 0x00007ffbfcf21000 	C:\WINDOWS\System32\kernel.appcore.dll
0x00007ffbfdcd0000 - 0x00007ffbfdce7000 	C:\WINDOWS\System32\cryptsp.dll
0x00007ffbf61b0000 - 0x00007ffbf61ca000 	C:\Program Files\Android\Android Studio\jre\jre\bin\net.dll
0x00007ffbfc730000 - 0x00007ffbfc797000 	C:\WINDOWS\system32\mswsock.dll
0x00007ffbf5fa0000 - 0x00007ffbf5fb3000 	C:\Program Files\Android\Android Studio\jre\jre\bin\nio.dll
0x00007ffbf07e0000 - 0x00007ffbf0807000 	C:\Users\AYUSHCYBERTRON\.gradle\native\f6784746aeab05261644944871eae4fe03e0ef1612fff0a4a95f87b438bc6780\windows-amd64\native-platform.dll
0x00007ffbf8640000 - 0x00007ffbf864d000 	C:\Program Files\Android\Android Studio\jre\jre\bin\management.dll
0x00007ffbfc2a0000 - 0x00007ffbfc2d3000 	C:\WINDOWS\system32\rsaenh.dll
0x00007ffbfdcf0000 - 0x00007ffbfdd16000 	C:\WINDOWS\System32\bcrypt.dll
0x00007ffbfce00000 - 0x00007ffbfce25000 	C:\WINDOWS\SYSTEM32\USERENV.dll
0x00007ffbfc900000 - 0x00007ffbfc90c000 	C:\WINDOWS\SYSTEM32\CRYPTBASE.dll
0x00007ffbfc440000 - 0x00007ffbfc47a000 	C:\WINDOWS\SYSTEM32\IPHLPAPI.DLL
0x00007ffbffd30000 - 0x00007ffbffd38000 	C:\WINDOWS\System32\NSI.dll
0x00007ffbf62c0000 - 0x00007ffbf62d6000 	C:\WINDOWS\SYSTEM32\dhcpcsvc6.DLL
0x00007ffbf6660000 - 0x00007ffbf667c000 	C:\WINDOWS\SYSTEM32\dhcpcsvc.DLL
0x00007ffbfc480000 - 0x00007ffbfc54b000 	C:\WINDOWS\SYSTEM32\DNSAPI.dll
0x00007ffbf79d0000 - 0x00007ffbf79db000 	C:\WINDOWS\SYSTEM32\WINNSI.DLL

VM Arguments:
jvm_args: -Xmx2048m -Dfile.encoding=UTF-8 -Duser.country=IN -Duser.language=en -Duser.variant 
java_command: org.gradle.launcher.daemon.bootstrap.GradleDaemon 6.5
java_class_path (initial): C:\Users\AYUSHCYBERTRON\.gradle\wrapper\dists\gradle-6.5-bin\6nifqtx7604sqp1q6g8wikw7p\gradle-6.5\lib\gradle-launcher-6.5.jar
Launcher Type: SUN_STANDARD

Environment Variables:
PATH=c:\Rtools\bin;c:\Rtools\gcc-4.6.3\bin;C:\Program Files\Java\jdk-11.0.4\bin;C:\Program Files\NVIDIA Corporation\NVIDIA NvDLISR;C:\MinGW\bin;C:\WINDOWS\system32;C:\WINDOWS;C:\WINDOWS\System32\Wbem;C:\WINDOWS\System32\WindowsPowerShell\v1.0\;C:\WINDOWS\System32\OpenSSH\;C:\MinGW;C:\Users\AYUSHCYBERTRON\AppData\Local\Programs\Python\Python37\Scripts\;C:\Users\AYUSHCYBERTRON\AppData\Local\Programs\Python\Python37\;C:\cygwin64\bin\;C:\Users\AYUSHCYBERTRON\AppData\Local\atom\bin;C:\Users\AYUSHCYBERTRON\AppData\Local\Microsoft\WindowsApps;C:\Users\AYUSHCYBERTRON\AppData\Local\GitHubDesktop\bin
USERNAME=AYUSHCYBERTRON
OS=Windows_NT
PROCESSOR_IDENTIFIER=Intel64 Family 6 Model 158 Stepping 9, GenuineIntel



---------------  S Y S T E M  ---------------

OS: Windows 10.0 , 64 bit Build 18362 (10.0.18362.1110)

CPU:total 4 (initial active 4) (4 cores per cpu, 1 threads per core) family 6 model 158 stepping 9, cmov, cx8, fxsr, mmx, sse, sse2, sse3, ssse3, sse4.1, sse4.2, popcnt, avx, avx2, aes, clmul, erms, 3dnowpref, lzcnt, tsc, tscinvbit, bmi1, bmi2, adx

Memory: 4k page, physical 8278180k(467224k free), swap 33444004k(5316k free)

vm_info: OpenJDK 64-Bit Server VM (25.242-b01) for windows-amd64 JRE (1.8.0_242-release-1644-b01), built by "builder" with MS VC++ 10.0 (VS2010)

time: Wed Oct 21 14:55:49 2020
timezone: India Standard Time
elapsed time: 11 seconds (0d 0h 0m 11s)

