#
# There is insufficient memory for the Java Runtime Environment to continue.
# Native memory allocation (malloc) failed to allocate 2095312 bytes for Chunk::new
# Possible reasons:
#   The system is out of physical RAM or swap space
#   The process is running with CompressedOops enabled, and the Java Heap may be blocking the growth of the native heap
# Possible solutions:
#   Reduce memory load on the system
#   Increase physical memory or swap space
#   Check if swap backing store is full
#   Decrease Java heap size (-Xmx/-Xms)
#   Decrease number of Java threads
#   Decrease Java thread stack sizes (-Xss)
#   Set larger code cache with -XX:ReservedCodeCacheSize=
#   JVM is running with Unscaled Compressed Oops mode in which the Java heap is
#     placed in the first 4GB address space. The Java Heap base address is the
#     maximum limit for the native heap growth. Please use -XX:HeapBaseMinAddress
#     to set the Java Heap base and to place the Java Heap above 4GB virtual address.
# This output file may be truncated or incomplete.
#
#  Out of Memory Error (allocation.cpp:389), pid=3972, tid=0x00000000000051f4
#
# JRE version: OpenJDK Runtime Environment (8.0_242-b01) (build 1.8.0_242-release-1644-b01)
# Java VM: OpenJDK 64-Bit Server VM (25.242-b01 mixed mode windows-amd64 compressed oops)
# Failed to write core dump. Minidumps are not enabled by default on client versions of Windows
#

---------------  T H R E A D  ---------------

Current thread (0x0000000017ce6000):  JavaThread "C2 CompilerThread0" daemon [_thread_in_native, id=20980, stack(0x0000000019340000,0x0000000019440000)]

Stack: [0x0000000019340000,0x0000000019440000]
[error occurred during error reporting (printing stack bounds), id 0xc0000005]

Native frames: (J=compiled Java code, j=interpreted, Vv=VM code, C=native code)


Current CompileTask:
C2:  24083 11473 %     4       com.android.tools.r8.z.a.a.f::a @ 1823 (3630 bytes)


---------------  P R O C E S S  ---------------

Java Threads: ( => current thread )
  0x0000000020742000 JavaThread "ForkJoinPool-2-worker-0" daemon [_thread_blocked, id=9100, stack(0x0000000030a50000,0x0000000030b50000)]
  0x0000000020740000 JavaThread "ForkJoinPool-2-worker-3" daemon [_thread_blocked, id=22724, stack(0x0000000030950000,0x0000000030a50000)]
  0x0000000020743800 JavaThread "ForkJoinPool-2-worker-2" daemon [_thread_blocked, id=13240, stack(0x000000002f7c0000,0x000000002f8c0000)]
  0x000000001c3cc000 JavaThread "ForkJoinPool-2-worker-1" daemon [_thread_in_vm, id=17416, stack(0x000000002f300000,0x000000002f400000)]
  0x000000001c3cd800 JavaThread "ForkJoinPool.commonPool-worker-3" daemon [_thread_blocked, id=15248, stack(0x000000002f400000,0x000000002f500000)]
  0x000000001c3c9000 JavaThread "ForkJoinPool.commonPool-worker-1" daemon [_thread_blocked, id=5652, stack(0x000000002f200000,0x000000002f300000)]
  0x000000001c3c7800 JavaThread "Cache worker for Java compile cache (C:\Users\AYUSHCYBERTRON\AndroidStudioProjects\TripWhiz2\.gradle\6.5\javaCompile)" [_thread_blocked, id=4712, stack(0x000000002ef00000,0x000000002f000000)]
  0x000000001c3c8000 JavaThread "Cache worker for Java compile cache (C:\Users\AYUSHCYBERTRON\.gradle\caches\6.5\javaCompile)" [_thread_blocked, id=6880, stack(0x000000002ee00000,0x000000002ef00000)]
  0x000000001c3cb000 JavaThread "RMI TCP Connection(1)-127.0.0.1" daemon [_thread_in_native, id=15716, stack(0x000000002ed00000,0x000000002ee00000)]
  0x000000001c3c6800 JavaThread "RMI Reaper" [_thread_blocked, id=12628, stack(0x000000002ec00000,0x000000002ed00000)]
  0x000000001c3ca800 JavaThread "RMI TCP Accept-0" daemon [_thread_in_native, id=19832, stack(0x000000002eb00000,0x000000002ec00000)]
  0x000000001c3c9800 JavaThread "GC Daemon" daemon [_thread_blocked, id=17308, stack(0x000000002ea00000,0x000000002eb00000)]
  0x000000001c3c6000 JavaThread "RMI Scheduler(0)" daemon [_thread_blocked, id=22312, stack(0x000000002dee0000,0x000000002dfe0000)]
  0x000000001c3c1800 JavaThread "stdout" [_thread_in_native, id=7544, stack(0x000000002e000000,0x000000002e100000)]
  0x000000001c3c3800 JavaThread "stderr" [_thread_in_native, id=22844, stack(0x000000002d6d0000,0x000000002d7d0000)]
  0x000000001c3c3000 JavaThread "stdout" [_thread_in_native, id=23220, stack(0x000000002dde0000,0x000000002dee0000)]
  0x000000001c3c0800 JavaThread "stderr" [_thread_in_native, id=19044, stack(0x000000002dce0000,0x000000002dde0000)]
  0x000000001c3c0000 JavaThread "stdout" [_thread_in_native, id=21932, stack(0x000000002dbe0000,0x000000002dce0000)]
  0x000000001c3bf000 JavaThread "stderr" [_thread_in_native, id=12336, stack(0x000000002dae0000,0x000000002dbe0000)]
  0x000000001c3c4800 JavaThread "stdout" [_thread_in_native, id=21072, stack(0x000000002d9e0000,0x000000002dae0000)]
  0x000000001e7ea000 JavaThread "stderr" [_thread_in_native, id=13712, stack(0x000000002d8e0000,0x000000002d9e0000)]
  0x000000001e7ef800 JavaThread "pool-2-thread-1" [_thread_blocked, id=11260, stack(0x000000002d7e0000,0x000000002d8e0000)]
  0x000000001e7ee800 JavaThread "WorkerExecutor Queue Thread 4" [_thread_blocked, id=17964, stack(0x000000002d5d0000,0x000000002d6d0000)]
  0x000000001e7ee000 JavaThread "WorkerExecutor Queue Thread 3" [_thread_blocked, id=22588, stack(0x000000002d4d0000,0x000000002d5d0000)]
  0x000000001e7f1000 JavaThread "WorkerExecutor Queue Thread 2" [_thread_blocked, id=11344, stack(0x000000002d3d0000,0x000000002d4d0000)]
  0x000000001e7ed000 JavaThread "WorkerExecutor Queue" [_thread_blocked, id=14984, stack(0x000000002d2d0000,0x000000002d3d0000)]
  0x000000001e7f0000 JavaThread "Cache worker for execution history cache (C:\Users\AYUSHCYBERTRON\AndroidStudioProjects\TripWhiz2\.gradle\6.5\executionHistory)" [_thread_blocked, id=21176, stack(0x000000002ccd0000,0x000000002cdd0000)]
  0x000000001e7eb800 JavaThread "Execution worker for ':' Thread 3" [_thread_blocked, id=16092, stack(0x000000002cbd0000,0x000000002ccd0000)]
  0x0000000021014000 JavaThread "Execution worker for ':' Thread 2" [_thread_blocked, id=21420, stack(0x000000002cad0000,0x000000002cbd0000)]
  0x0000000021014800 JavaThread "Execution worker for ':'" [_thread_blocked, id=15868, stack(0x000000002c7b0000,0x000000002c8b0000)]
  0x0000000021017800 JavaThread "Cache worker for file content cache (C:\Users\AYUSHCYBERTRON\AndroidStudioProjects\TripWhiz2\.gradle\6.5\fileContent)" [_thread_blocked, id=7808, stack(0x000000002c4b0000,0x000000002c5b0000)]
  0x0000000021011800 JavaThread "Memory manager" [_thread_blocked, id=23076, stack(0x000000002b770000,0x000000002b870000)]
  0x0000000021013000 JavaThread "Cache worker for Build Output Cleanup Cache (C:\Users\AYUSHCYBERTRON\AndroidStudioProjects\TripWhiz2\.gradle\buildOutputCleanup)" [_thread_blocked, id=6940, stack(0x000000002b070000,0x000000002b170000)]
  0x0000000021015800 JavaThread "jar transforms Thread 114" [_thread_blocked, id=18580, stack(0x000000002ad70000,0x000000002ae70000)]
  0x0000000021018800 JavaThread "jar transforms Thread 113" [_thread_blocked, id=21472, stack(0x000000002ac70000,0x000000002ad70000)]
  0x0000000021017000 JavaThread "jar transforms Thread 112" [_thread_blocked, id=13204, stack(0x000000002ab70000,0x000000002ac70000)]
  0x0000000021012800 JavaThread "jar transforms Thread 111" [_thread_blocked, id=13996, stack(0x000000002aa70000,0x000000002ab70000)]
  0x0000000021016000 JavaThread "jar transforms Thread 110" [_thread_blocked, id=18876, stack(0x000000002a970000,0x000000002aa70000)]
  0x000000002100a000 JavaThread "jar transforms Thread 109" [_thread_blocked, id=11192, stack(0x000000002a870000,0x000000002a970000)]
  0x000000002100e000 JavaThread "jar transforms Thread 108" [_thread_blocked, id=22516, stack(0x000000002a770000,0x000000002a870000)]
  0x000000002100e800 JavaThread "jar transforms Thread 107" [_thread_blocked, id=12464, stack(0x000000002a670000,0x000000002a770000)]
  0x0000000021011000 JavaThread "jar transforms Thread 106" [_thread_blocked, id=18180, stack(0x000000002a570000,0x000000002a670000)]
  0x000000002100d000 JavaThread "jar transforms Thread 105" [_thread_blocked, id=14312, stack(0x000000002a470000,0x000000002a570000)]
  0x000000002100c800 JavaThread "jar transforms Thread 104" [_thread_blocked, id=22872, stack(0x000000002a370000,0x000000002a470000)]
  0x000000002100b000 JavaThread "jar transforms Thread 103" [_thread_blocked, id=18288, stack(0x000000002a270000,0x000000002a370000)]
  0x0000000021009800 JavaThread "jar transforms Thread 102" [_thread_blocked, id=2180, stack(0x000000002a170000,0x000000002a270000)]
  0x000000002100b800 JavaThread "jar transforms Thread 101" [_thread_blocked, id=2152, stack(0x000000002a070000,0x000000002a170000)]
  0x000000002100f800 JavaThread "jar transforms Thread 100" [_thread_blocked, id=19956, stack(0x0000000029f70000,0x000000002a070000)]
  0x0000000021010000 JavaThread "jar transforms Thread 99" [_thread_blocked, id=8700, stack(0x0000000029e70000,0x0000000029f70000)]
  0x0000000020e69000 JavaThread "jar transforms Thread 98" [_thread_blocked, id=12916, stack(0x0000000029d70000,0x0000000029e70000)]
  0x0000000020e68000 JavaThread "jar transforms Thread 97" [_thread_blocked, id=17016, stack(0x0000000029c70000,0x0000000029d70000)]
  0x0000000020e66800 JavaThread "jar transforms Thread 96" [_thread_blocked, id=16840, stack(0x0000000029b70000,0x0000000029c70000)]
  0x0000000020e67800 JavaThread "jar transforms Thread 95" [_thread_blocked, id=11064, stack(0x0000000029a70000,0x0000000029b70000)]
  0x0000000020e66000 JavaThread "jar transforms Thread 94" [_thread_blocked, id=12892, stack(0x0000000029970000,0x0000000029a70000)]
  0x0000000020e5e800 JavaThread "jar transforms Thread 93" [_thread_blocked, id=7308, stack(0x0000000029870000,0x0000000029970000)]
  0x0000000020e65000 JavaThread "jar transforms Thread 92" [_thread_blocked, id=12920, stack(0x0000000029770000,0x0000000029870000)]
  0x0000000020e5d800 JavaThread "jar transforms Thread 91" [_thread_blocked, id=19120, stack(0x0000000029670000,0x0000000029770000)]
  0x0000000020e64800 JavaThread "jar transforms Thread 90" [_thread_blocked, id=2824, stack(0x0000000029570000,0x0000000029670000)]
  0x0000000020e5d000 JavaThread "jar transforms Thread 89" [_thread_blocked, id=16984, stack(0x0000000029470000,0x0000000029570000)]
  0x0000000020e63000 JavaThread "jar transforms Thread 88" [_thread_blocked, id=17124, stack(0x0000000029370000,0x0000000029470000)]
  0x0000000020e62000 JavaThread "jar transforms Thread 87" [_thread_blocked, id=944, stack(0x0000000029270000,0x0000000029370000)]
  0x0000000020e60000 JavaThread "jar transforms Thread 86" [_thread_blocked, id=7092, stack(0x0000000029170000,0x0000000029270000)]
  0x0000000020e61800 JavaThread "jar transforms Thread 85" [_thread_blocked, id=17976, stack(0x0000000029070000,0x0000000029170000)]
  0x0000000020e63800 JavaThread "jar transforms Thread 84" [_thread_blocked, id=20716, stack(0x0000000028f70000,0x0000000029070000)]
  0x0000000020e5b800 JavaThread "jar transforms Thread 83" [_thread_blocked, id=19580, stack(0x0000000028e70000,0x0000000028f70000)]
  0x0000000020e5c000 JavaThread "jar transforms Thread 82" [_thread_blocked, id=4988, stack(0x0000000028d70000,0x0000000028e70000)]
  0x0000000020e5a000 JavaThread "jar transforms Thread 81" [_thread_blocked, id=15296, stack(0x0000000028c70000,0x0000000028d70000)]
  0x0000000020e5a800 JavaThread "jar transforms Thread 80" [_thread_blocked, id=10676, stack(0x0000000028b70000,0x0000000028c70000)]
  0x0000000020e60800 JavaThread "jar transforms Thread 79" [_thread_blocked, id=18952, stack(0x0000000028a70000,0x0000000028b70000)]
  0x0000000020e5f000 JavaThread "jar transforms Thread 78" [_thread_blocked, id=20528, stack(0x0000000028970000,0x0000000028a70000)]
  0x0000000020b6b800 JavaThread "jar transforms Thread 77" [_thread_blocked, id=19952, stack(0x0000000028870000,0x0000000028970000)]
  0x0000000020b6b000 JavaThread "jar transforms Thread 76" [_thread_blocked, id=20024, stack(0x0000000028770000,0x0000000028870000)]
  0x0000000020b6a000 JavaThread "jar transforms Thread 75" [_thread_blocked, id=596, stack(0x0000000028670000,0x0000000028770000)]
  0x0000000020b68800 JavaThread "jar transforms Thread 74" [_thread_blocked, id=5632, stack(0x0000000028570000,0x0000000028670000)]
  0x0000000020b69800 JavaThread "jar transforms Thread 73" [_thread_blocked, id=17404, stack(0x0000000028470000,0x0000000028570000)]
  0x0000000020b6c800 JavaThread "jar transforms Thread 72" [_thread_blocked, id=15860, stack(0x0000000028370000,0x0000000028470000)]
  0x0000000020b61000 JavaThread "jar transforms Thread 71" [_thread_blocked, id=23420, stack(0x0000000028270000,0x0000000028370000)]
  0x0000000020b68000 JavaThread "jar transforms Thread 70" [_thread_blocked, id=10312, stack(0x0000000028170000,0x0000000028270000)]
  0x0000000020b67000 JavaThread "jar transforms Thread 69" [_thread_blocked, id=3436, stack(0x0000000028070000,0x0000000028170000)]
  0x0000000020b62800 JavaThread "jar transforms Thread 68" [_thread_blocked, id=13768, stack(0x0000000027f70000,0x0000000028070000)]
  0x0000000020b5f800 JavaThread "jar transforms Thread 67" [_thread_blocked, id=20532, stack(0x0000000027e70000,0x0000000027f70000)]
  0x0000000020b66800 JavaThread "jar transforms Thread 66" [_thread_blocked, id=8384, stack(0x0000000027d70000,0x0000000027e70000)]
  0x0000000020b60800 JavaThread "jar transforms Thread 65" [_thread_blocked, id=12884, stack(0x0000000027c70000,0x0000000027d70000)]
  0x0000000020b5f000 JavaThread "jar transforms Thread 64" [_thread_blocked, id=17288, stack(0x0000000027b70000,0x0000000027c70000)]
  0x0000000020b65800 JavaThread "jar transforms Thread 63" [_thread_blocked, id=11760, stack(0x0000000027a70000,0x0000000027b70000)]
  0x0000000020b62000 JavaThread "jar transforms Thread 62" [_thread_blocked, id=5188, stack(0x0000000027970000,0x0000000027a70000)]
  0x0000000020b5e000 JavaThread "jar transforms Thread 61" [_thread_blocked, id=23448, stack(0x0000000027870000,0x0000000027970000)]
  0x0000000020b64000 JavaThread "jar transforms Thread 60" [_thread_blocked, id=13948, stack(0x0000000027770000,0x0000000027870000)]
  0x0000000020b65000 JavaThread "jar transforms Thread 59" [_thread_blocked, id=18492, stack(0x0000000027670000,0x0000000027770000)]
  0x0000000020b5d800 JavaThread "jar transforms Thread 58" [_thread_blocked, id=8204, stack(0x0000000027570000,0x0000000027670000)]
  0x0000000020b63800 JavaThread "jar transforms Thread 57" [_thread_blocked, id=532, stack(0x0000000027470000,0x0000000027570000)]
  0x0000000020a0d800 JavaThread "jar transforms Thread 56" [_thread_blocked, id=22760, stack(0x0000000027370000,0x0000000027470000)]
  0x0000000020a0d000 JavaThread "jar transforms Thread 55" [_thread_blocked, id=8160, stack(0x0000000027270000,0x0000000027370000)]
  0x0000000020a0c000 JavaThread "jar transforms Thread 54" [_thread_blocked, id=17188, stack(0x0000000027170000,0x0000000027270000)]
  0x0000000020a0b800 JavaThread "jar transforms Thread 53" [_thread_blocked, id=17940, stack(0x0000000027070000,0x0000000027170000)]
  0x0000000020a0e800 JavaThread "jar transforms Thread 52" [_thread_blocked, id=15136, stack(0x0000000026f70000,0x0000000027070000)]
  0x0000000020a03800 JavaThread "jar transforms Thread 51" [_thread_blocked, id=11980, stack(0x0000000026e70000,0x0000000026f70000)]
  0x0000000020a0a800 JavaThread "jar transforms Thread 50" [_thread_blocked, id=8796, stack(0x0000000026d70000,0x0000000026e70000)]
  0x0000000020a03000 JavaThread "jar transforms Thread 49" [_thread_blocked, id=9088, stack(0x0000000026c70000,0x0000000026d70000)]
  0x0000000020a09000 JavaThread "jar transforms Thread 48" [_thread_blocked, id=20784, stack(0x0000000026b70000,0x0000000026c70000)]
  0x0000000020a0a000 JavaThread "jar transforms Thread 47" [_thread_blocked, id=9556, stack(0x0000000026a70000,0x0000000026b70000)]
  0x0000000020a08800 JavaThread "jar transforms Thread 46" [_thread_blocked, id=11932, stack(0x0000000026970000,0x0000000026a70000)]
  0x0000000020a07800 JavaThread "jar transforms Thread 45" [_thread_blocked, id=9360, stack(0x0000000026870000,0x0000000026970000)]
  0x0000000020a00000 JavaThread "jar transforms Thread 44" [_thread_blocked, id=18000, stack(0x0000000026770000,0x0000000026870000)]
  0x0000000020a07000 JavaThread "jar transforms Thread 43" [_thread_blocked, id=12576, stack(0x0000000026670000,0x0000000026770000)]
  0x0000000020a01800 JavaThread "jar transforms Thread 42" [_thread_blocked, id=10828, stack(0x0000000026570000,0x0000000026670000)]
  0x0000000020a06000 JavaThread "jar transforms Thread 41" [_thread_blocked, id=21820, stack(0x0000000026470000,0x0000000026570000)]
  0x0000000020a02000 JavaThread "jar transforms Thread 40" [_thread_blocked, id=5412, stack(0x0000000026370000,0x0000000026470000)]
  0x0000000020a05800 JavaThread "jar transforms Thread 39" [_thread_blocked, id=2036, stack(0x0000000026270000,0x0000000026370000)]
  0x0000000020a00800 JavaThread "jar transforms Thread 38" [_thread_blocked, id=20948, stack(0x0000000026170000,0x0000000026270000)]
  0x0000000020a04800 JavaThread "jar transforms Thread 37" [_thread_blocked, id=13980, stack(0x0000000026070000,0x0000000026170000)]
  0x00000000209ff000 JavaThread "jar transforms Thread 36" [_thread_blocked, id=20696, stack(0x0000000025f70000,0x0000000026070000)]
  0x000000001f64d000 JavaThread "jar transforms Thread 35" [_thread_blocked, id=9316, stack(0x0000000025e70000,0x0000000025f70000)]
  0x000000001f64c000 JavaThread "jar transforms Thread 34" [_thread_blocked, id=16012, stack(0x0000000025d70000,0x0000000025e70000)]
  0x000000001f650800 JavaThread "jar transforms Thread 33" [_thread_blocked, id=2932, stack(0x0000000025c70000,0x0000000025d70000)]
  0x000000001f650000 JavaThread "jar transforms Thread 32" [_thread_blocked, id=9172, stack(0x0000000025b70000,0x0000000025c70000)]
  0x000000001f64f000 JavaThread "jar transforms Thread 31" [_thread_blocked, id=22392, stack(0x0000000025a70000,0x0000000025b70000)]
  0x000000001f64e800 JavaThread "jar transforms Thread 30" [_thread_blocked, id=22608, stack(0x0000000025970000,0x0000000025a70000)]
  0x000000001f64d800 JavaThread "jar transforms Thread 29" [_thread_blocked, id=18328, stack(0x0000000025870000,0x0000000025970000)]
  0x000000001f64b800 JavaThread "jar transforms Thread 28" [_thread_blocked, id=11788, stack(0x0000000025770000,0x0000000025870000)]
  0x000000001f64a800 JavaThread "jar transforms Thread 27" [_thread_blocked, id=23368, stack(0x0000000025670000,0x0000000025770000)]
  0x000000001f651800 JavaThread "jar transforms Thread 26" [_thread_blocked, id=12876, stack(0x0000000025570000,0x0000000025670000)]
  0x000000001f643000 JavaThread "jar transforms Thread 25" [_thread_blocked, id=18036, stack(0x0000000025470000,0x0000000025570000)]
  0x000000001f64a000 JavaThread "jar transforms Thread 24" [_thread_blocked, id=11448, stack(0x0000000025370000,0x0000000025470000)]
  0x000000001f647800 JavaThread "jar transforms Thread 23" [_thread_blocked, id=22024, stack(0x0000000025270000,0x0000000025370000)]
  0x000000001f646800 JavaThread "jar transforms Thread 22" [_thread_blocked, id=21276, stack(0x0000000025170000,0x0000000025270000)]
  0x000000001f648800 JavaThread "jar transforms Thread 21" [_thread_blocked, id=3188, stack(0x0000000025070000,0x0000000025170000)]
  0x000000001f646000 JavaThread "jar transforms Thread 20" [_thread_blocked, id=9660, stack(0x0000000024f70000,0x0000000025070000)]
  0x000000001f645000 JavaThread "jar transforms Thread 19" [_thread_blocked, id=20764, stack(0x0000000024e70000,0x0000000024f70000)]
  0x000000001f649000 JavaThread "jar transforms Thread 18" [_thread_blocked, id=10860, stack(0x0000000024d70000,0x0000000024e70000)]
  0x000000001f643800 JavaThread "jar transforms Thread 17" [_thread_blocked, id=20240, stack(0x0000000024c70000,0x0000000024d70000)]
  0x000000001f644800 JavaThread "jar transforms Thread 16" [_thread_blocked, id=20736, stack(0x0000000024b70000,0x0000000024c70000)]
  0x000000001f642000 JavaThread "jar transforms Thread 15" [_thread_blocked, id=17076, stack(0x0000000024a70000,0x0000000024b70000)]
  0x000000001b8e7800 JavaThread "jar transforms Thread 14" [_thread_blocked, id=21312, stack(0x0000000024970000,0x0000000024a70000)]
  0x000000001b8e2000 JavaThread "jar transforms Thread 13" [_thread_blocked, id=12532, stack(0x0000000024870000,0x0000000024970000)]
  0x000000001b8e0800 JavaThread "jar transforms Thread 12" [_thread_blocked, id=18128, stack(0x0000000024770000,0x0000000024870000)]
  0x000000001b8e6800 JavaThread "jar transforms Thread 11" [_thread_blocked, id=19216, stack(0x0000000024570000,0x0000000024670000)]
  0x000000001b8e6000 JavaThread "jar transforms Thread 10" [_thread_blocked, id=18116, stack(0x0000000024470000,0x0000000024570000)]
  0x000000001b8e1800 JavaThread "jar transforms Thread 9" [_thread_blocked, id=18060, stack(0x0000000024370000,0x0000000024470000)]
  0x000000001b8e5000 JavaThread "jar transforms Thread 8" [_thread_blocked, id=15420, stack(0x0000000024270000,0x0000000024370000)]
  0x000000001b8e3800 JavaThread "jar transforms Thread 7" [_thread_blocked, id=21240, stack(0x0000000024170000,0x0000000024270000)]
  0x000000001b8e4800 JavaThread "jar transforms Thread 6" [_thread_blocked, id=14752, stack(0x0000000024070000,0x0000000024170000)]
  0x000000001b8e3000 JavaThread "jar transforms Thread 5" [_thread_blocked, id=19788, stack(0x0000000023f70000,0x0000000024070000)]
  0x000000001b8d9000 JavaThread "jar transforms Thread 4" [_thread_blocked, id=17884, stack(0x00000000239f0000,0x0000000023af0000)]
  0x000000001b8e0000 JavaThread "jar transforms Thread 3" [_thread_blocked, id=17360, stack(0x00000000238f0000,0x00000000239f0000)]
  0x000000001b8dd000 JavaThread "jar transforms Thread 2" [_thread_blocked, id=18020, stack(0x00000000237f0000,0x00000000238f0000)]
  0x000000001b8de800 JavaThread "Build operations Thread 4" [_thread_blocked, id=17480, stack(0x0000000023e70000,0x0000000023f70000)]
  0x000000001b8db800 JavaThread "Build operations Thread 3" [_thread_blocked, id=21804, stack(0x0000000023d70000,0x0000000023e70000)]
  0x000000001b8da800 JavaThread "Build operations Thread 2" [_thread_blocked, id=18600, stack(0x0000000023c70000,0x0000000023d70000)]
  0x000000001b8d8800 JavaThread "Build operations" [_thread_blocked, id=13160, stack(0x0000000023b70000,0x0000000023c70000)]
  0x000000001b873800 JavaThread "Cache worker for file content cache (C:\Users\AYUSHCYBERTRON\.gradle\caches\6.5\fileContent)" [_thread_blocked, id=14160, stack(0x0000000022120000,0x0000000022220000)]
  0x000000001b872800 JavaThread "jar transforms" [_thread_blocked, id=17700, stack(0x0000000022020000,0x0000000022120000)]
  0x000000001b872000 JavaThread "Cache worker for execution history cache (C:\Users\AYUSHCYBERTRON\.gradle\caches\6.5\executionHistory)" [_thread_blocked, id=20044, stack(0x0000000021680000,0x0000000021780000)]
  0x000000001b877000 JavaThread "Cache worker for cache directory md-rule (C:\Users\AYUSHCYBERTRON\.gradle\caches\6.5\md-rule)" [_thread_blocked, id=8536, stack(0x0000000021580000,0x0000000021680000)]
  0x000000001b875000 JavaThread "Cache worker for cache directory md-supplier (C:\Users\AYUSHCYBERTRON\.gradle\caches\6.5\md-supplier)" [_thread_blocked, id=18804, stack(0x0000000021480000,0x0000000021580000)]
  0x000000001b876800 JavaThread "Cache worker for checksums cache (C:\Users\AYUSHCYBERTRON\AndroidStudioProjects\TripWhiz2\.gradle\checksums)" [_thread_blocked, id=18668, stack(0x00000000202c0000,0x00000000203c0000)]
  0x000000001b871000 JavaThread "Cache worker for file hash cache (C:\Users\AYUSHCYBERTRON\AndroidStudioProjects\TripWhiz2\.gradle\6.5\fileHashes)" [_thread_blocked, id=22820, stack(0x000000001f1c0000,0x000000001f2c0000)]
  0x000000001b870800 JavaThread "Cache worker for file hash cache (C:\Users\AYUSHCYBERTRON\.gradle\caches\6.5\fileHashes)" [_thread_blocked, id=7144, stack(0x000000001dc60000,0x000000001dd60000)]
  0x000000001b875800 JavaThread "File lock request listener" [_thread_in_native, id=16948, stack(0x000000001db60000,0x000000001dc60000)]
  0x000000001b7b7800 JavaThread "Cache worker for journal cache (C:\Users\AYUSHCYBERTRON\.gradle\caches\journal-1)" [_thread_blocked, id=15004, stack(0x000000001da60000,0x000000001db60000)]
  0x0000000019d5e000 JavaThread "Thread-9" [_thread_blocked, id=12396, stack(0x000000001d760000,0x000000001d860000)]
  0x0000000019d5b000 JavaThread "Stdin handler" [_thread_blocked, id=21012, stack(0x000000001d660000,0x000000001d760000)]
  0x0000000019d59800 JavaThread "Asynchronous log dispatcher for DefaultDaemonConnection: socket connection from /127.0.0.1:51474 to /127.0.0.1:51475" [_thread_blocked, id=14296, stack(0x000000001d560000,0x000000001d660000)]
  0x0000000019f16000 JavaThread "Daemon worker" [_thread_blocked, id=20836, stack(0x000000001d460000,0x000000001d560000)]
  0x0000000019f12000 JavaThread "Cancel handler" [_thread_blocked, id=23508, stack(0x000000001d360000,0x000000001d460000)]
  0x000000001b610000 JavaThread "Handler for socket connection from /127.0.0.1:51474 to /127.0.0.1:51475" [_thread_in_native, id=22200, stack(0x000000001d060000,0x000000001d160000)]
  0x000000001b66b000 JavaThread "Daemon" [_thread_blocked, id=5664, stack(0x000000001cf60000,0x000000001d060000)]
  0x000000001b66a800 JavaThread "Daemon periodic checks" [_thread_blocked, id=7592, stack(0x000000001ce60000,0x000000001cf60000)]
  0x000000001b5da800 JavaThread "Incoming local TCP Connector on port 51474" [_thread_in_native, id=22852, stack(0x000000001cc20000,0x000000001cd20000)]
  0x0000000019c73000 JavaThread "Daemon health stats" [_thread_blocked, id=22148, stack(0x000000001c5e0000,0x000000001c6e0000)]
  0x0000000017d3e800 JavaThread "Service Thread" daemon [_thread_blocked, id=11888, stack(0x0000000019a40000,0x0000000019b40000)]
  0x0000000017cf4000 JavaThread "C1 CompilerThread2" daemon [_thread_blocked, id=14476, stack(0x0000000019540000,0x0000000019640000)]
  0x0000000017cea000 JavaThread "C2 CompilerThread1" daemon [_thread_in_native, id=20324, stack(0x0000000019440000,0x0000000019540000)]
=>0x0000000017ce6000 JavaThread "C2 CompilerThread0" daemon [_thread_in_native, id=20980, stack(0x0000000019340000,0x0000000019440000)]
  0x0000000017ce2000 JavaThread "Attach Listener" daemon [_thread_blocked, id=19128, stack(0x0000000019240000,0x0000000019340000)]
  0x0000000017ce1000 JavaThread "Signal Dispatcher" daemon [_thread_blocked, id=21772, stack(0x0000000019140000,0x0000000019240000)]
  0x00000000030bb000 JavaThread "Finalizer" daemon [_thread_blocked, id=18812, stack(0x0000000018f40000,0x0000000019040000)]
  0x0000000017cc9000 JavaThread "Reference Handler" daemon [_thread_blocked, id=12168, stack(0x0000000018e40000,0x0000000018f40000)]
  0x0000000002fbe800 JavaThread "main" [_thread_blocked, id=17600, stack(0x0000000002de0000,0x0000000002ee0000)]

Other Threads:
  0x0000000017ca6000 VMThread [stack: 0x0000000018d40000,0x0000000018e40000] [id=7520]
  0x0000000019670800 WatcherThread [stack: 0x0000000019b40000,0x0000000019c40000] [id=7032]

VM state:not at safepoint (normal execution)

VM Mutex/Monitor currently owned by a thread:  ([mutex/lock_event])
[0x0000000002fbcb90] CodeCache_lock - owner thread: 0x000000001c3cc000
[0x0000000002fbd160] AdapterHandlerLibrary_lock - owner thread: 0x000000001c3cc000

heap address: 0x0000000080000000, size: 2048 MB, Compressed Oops mode: 32-bit
Narrow klass base: 0x0000000000000000, Narrow klass shift: 3
Compressed class space size: 1073741824 Address: 0x0000000100000000

Heap:
 PSYoungGen      total 292864K, used 206077K [0x00000000d5580000, 0x00000000e8d00000, 0x0000000100000000)
  eden space 266752K, 67% used [0x00000000d5580000,0x00000000e05401b8,0x00000000e5a00000)
  from space 26112K, 99% used [0x00000000e5a00000,0x00000000e737f4e0,0x00000000e7380000)
  to   space 20992K, 0% used [0x00000000e7480000,0x00000000e7480000,0x00000000e8900000)
 ParOldGen       total 116736K, used 62674K [0x0000000080000000, 0x0000000087200000, 0x00000000d5580000)
  object space 116736K, 53% used [0x0000000080000000,0x0000000083d34bf0,0x0000000087200000)
 Metaspace       used 91777K, capacity 96460K, committed 96792K, reserved 1132544K
  class space    used 12582K, capacity 13504K, committed 13616K, reserved 1048576K

Card table byte_map: [0x0000000012480000,0x0000000012890000] byte_map_base: 0x0000000012080000

Marking Bits: (ParMarkBitMap*) 0x0000000076e7f030
 Begin Bits: [0x0000000012f40000, 0x0000000014f40000)
 End Bits:   [0x0000000014f40000, 0x0000000016f40000)

Polling page: 0x00000000010a0000

CodeCache: size=245760Kb used=35883Kb max_used=35897Kb free=209876Kb
 bounds [0x00000000030c0000, 0x0000000005400000, 0x00000000120c0000]
 total_blobs=12105 nmethods=11191 adapters=825
 compilation: enabled

Compilation events (10 events):
Event: 24.022 Thread 0x0000000017cf4000 12891       3       com.android.tools.r8.dex.n::g (49 bytes)
Event: 24.022 Thread 0x0000000017cf4000 nmethod 12891 0x00000000053cadd0 code [0x00000000053caf40, 0x00000000053cb248]
Event: 24.022 Thread 0x0000000017cf4000 12892       3       com.android.tools.r8.dex.n::m (2044 bytes)
Event: 24.028 Thread 0x0000000017cf4000 nmethod 12892 0x00000000053d2a90 code [0x00000000053d36a0, 0x00000000053dc378]
Event: 24.028 Thread 0x0000000017cf4000 12894 %     3       com.android.tools.r8.dex.n::m @ 64 (2044 bytes)
Event: 24.035 Thread 0x0000000017cf4000 nmethod 12894% 0x00000000053e3f90 code [0x00000000053e4ba0, 0x00000000053edb38]
Event: 24.039 Thread 0x0000000017cea000 nmethod 12890 0x00000000053cfb10 code [0x00000000053cfca0, 0x00000000053d0d38]
Event: 24.039 Thread 0x0000000017cea000 12893       4       com.android.tools.r8.dex.n::g (49 bytes)
Event: 24.041 Thread 0x0000000017cea000 nmethod 12893 0x00000000053f6490 code [0x00000000053f65e0, 0x00000000053f6798]
Event: 24.041 Thread 0x0000000017cea000 12895 %     4       com.android.tools.r8.dex.n::m @ 360 (2044 bytes)

GC Heap History (10 events):
Event: 7.583 GC heap before
{Heap before GC invocations=14 (full 2):
 PSYoungGen      total 183296K, used 51317K [0x00000000d5580000, 0x00000000e5080000, 0x0000000100000000)
  eden space 170496K, 22% used [0x00000000d5580000,0x00000000d7b241f0,0x00000000dfc00000)
  from space 12800K, 99% used [0x00000000dfc00000,0x00000000e08792c8,0x00000000e0880000)
  to   space 18944K, 0% used [0x00000000e3e00000,0x00000000e3e00000,0x00000000e5080000)
 ParOldGen       total 77312K, used 30201K [0x0000000080000000, 0x0000000084b80000, 0x00000000d5580000)
  object space 77312K, 39% used [0x0000000080000000,0x0000000081d7e618,0x0000000084b80000)
 Metaspace       used 56912K, capacity 59058K, committed 59160K, reserved 1099776K
  class space    used 7708K, capacity 8176K, committed 8240K, reserved 1048576K
Event: 7.596 GC heap after
Heap after GC invocations=14 (full 2):
 PSYoungGen      total 238592K, used 4860K [0x00000000d5580000, 0x00000000e5280000, 0x0000000100000000)
  eden space 219648K, 0% used [0x00000000d5580000,0x00000000d5580000,0x00000000e2c00000)
  from space 18944K, 25% used [0x00000000e3e00000,0x00000000e42bf268,0x00000000e5080000)
  to   space 18432K, 0% used [0x00000000e2c00000,0x00000000e2c00000,0x00000000e3e00000)
 ParOldGen       total 77312K, used 40808K [0x0000000080000000, 0x0000000084b80000, 0x00000000d5580000)
  object space 77312K, 52% used [0x0000000080000000,0x00000000827da1c8,0x0000000084b80000)
 Metaspace       used 56912K, capacity 59058K, committed 59160K, reserved 1099776K
  class space    used 7708K, capacity 8176K, committed 8240K, reserved 1048576K
}
Event: 7.596 GC heap before
{Heap before GC invocations=15 (full 3):
 PSYoungGen      total 238592K, used 4860K [0x00000000d5580000, 0x00000000e5280000, 0x0000000100000000)
  eden space 219648K, 0% used [0x00000000d5580000,0x00000000d5580000,0x00000000e2c00000)
  from space 18944K, 25% used [0x00000000e3e00000,0x00000000e42bf268,0x00000000e5080000)
  to   space 18432K, 0% used [0x00000000e2c00000,0x00000000e2c00000,0x00000000e3e00000)
 ParOldGen       total 77312K, used 40808K [0x0000000080000000, 0x0000000084b80000, 0x00000000d5580000)
  object space 77312K, 52% used [0x0000000080000000,0x00000000827da1c8,0x0000000084b80000)
 Metaspace       used 56912K, capacity 59058K, committed 59160K, reserved 1099776K
  class space    used 7708K, capacity 8176K, committed 8240K, reserved 1048576K
Event: 7.747 GC heap after
Heap after GC invocations=15 (full 3):
 PSYoungGen      total 238592K, used 0K [0x00000000d5580000, 0x00000000e5280000, 0x0000000100000000)
  eden space 219648K, 0% used [0x00000000d5580000,0x00000000d5580000,0x00000000e2c00000)
  from space 18944K, 0% used [0x00000000e3e00000,0x00000000e3e00000,0x00000000e5080000)
  to   space 18432K, 0% used [0x00000000e2c00000,0x00000000e2c00000,0x00000000e3e00000)
 ParOldGen       total 116736K, used 32274K [0x0000000080000000, 0x0000000087200000, 0x00000000d5580000)
  object space 116736K, 27% used [0x0000000080000000,0x0000000081f84a48,0x0000000087200000)
 Metaspace       used 56912K, capacity 59058K, committed 59160K, reserved 1099776K
  class space    used 7708K, capacity 8176K, committed 8240K, reserved 1048576K
}
Event: 10.236 GC heap before
{Heap before GC invocations=16 (full 3):
 PSYoungGen      total 238592K, used 219648K [0x00000000d5580000, 0x00000000e5280000, 0x0000000100000000)
  eden space 219648K, 100% used [0x00000000d5580000,0x00000000e2c00000,0x00000000e2c00000)
  from space 18944K, 0% used [0x00000000e3e00000,0x00000000e3e00000,0x00000000e5080000)
  to   space 18432K, 0% used [0x00000000e2c00000,0x00000000e2c00000,0x00000000e3e00000)
 ParOldGen       total 116736K, used 32274K [0x0000000080000000, 0x0000000087200000, 0x00000000d5580000)
  object space 116736K, 27% used [0x0000000080000000,0x0000000081f84a48,0x0000000087200000)
 Metaspace       used 67385K, capacity 70368K, committed 70552K, reserved 1110016K
  class space    used 9243K, capacity 9837K, committed 9904K, reserved 1048576K
Event: 10.259 GC heap after
Heap after GC invocations=16 (full 3):
 PSYoungGen      total 238080K, used 18022K [0x00000000d5580000, 0x00000000e8900000, 0x0000000100000000)
  eden space 219648K, 0% used [0x00000000d5580000,0x00000000d5580000,0x00000000e2c00000)
  from space 18432K, 97% used [0x00000000e2c00000,0x00000000e3d99858,0x00000000e3e00000)
  to   space 20992K, 0% used [0x00000000e7480000,0x00000000e7480000,0x00000000e8900000)
 ParOldGen       total 116736K, used 32282K [0x0000000080000000, 0x0000000087200000, 0x00000000d5580000)
  object space 116736K, 27% used [0x0000000080000000,0x0000000081f86a48,0x0000000087200000)
 Metaspace       used 67385K, capacity 70368K, committed 70552K, reserved 1110016K
  class space    used 9243K, capacity 9837K, committed 9904K, reserved 1048576K
}
Event: 13.627 GC heap before
{Heap before GC invocations=17 (full 3):
 PSYoungGen      total 238080K, used 237670K [0x00000000d5580000, 0x00000000e8900000, 0x0000000100000000)
  eden space 219648K, 100% used [0x00000000d5580000,0x00000000e2c00000,0x00000000e2c00000)
  from space 18432K, 97% used [0x00000000e2c00000,0x00000000e3d99858,0x00000000e3e00000)
  to   space 20992K, 0% used [0x00000000e7480000,0x00000000e7480000,0x00000000e8900000)
 ParOldGen       total 116736K, used 32282K [0x0000000080000000, 0x0000000087200000, 0x00000000d5580000)
  object space 116736K, 27% used [0x0000000080000000,0x0000000081f86a48,0x0000000087200000)
 Metaspace       used 73477K, capacity 76578K, committed 76952K, reserved 1116160K
  class space    used 9969K, capacity 10550K, committed 10672K, reserved 1048576K
Event: 13.645 GC heap after
Heap after GC invocations=17 (full 3):
 PSYoungGen      total 287744K, used 20971K [0x00000000d5580000, 0x00000000e8d00000, 0x0000000100000000)
  eden space 266752K, 0% used [0x00000000d5580000,0x00000000d5580000,0x00000000e5a00000)
  from space 20992K, 99% used [0x00000000e7480000,0x00000000e88fad88,0x00000000e8900000)
  to   space 26112K, 0% used [0x00000000e5a00000,0x00000000e5a00000,0x00000000e7380000)
 ParOldGen       total 116736K, used 37684K [0x0000000080000000, 0x0000000087200000, 0x00000000d5580000)
  object space 116736K, 32% used [0x0000000080000000,0x00000000824cd1c8,0x0000000087200000)
 Metaspace       used 73477K, capacity 76578K, committed 76952K, reserved 1116160K
  class space    used 9969K, capacity 10550K, committed 10672K, reserved 1048576K
}
Event: 21.801 GC heap before
{Heap before GC invocations=18 (full 3):
 PSYoungGen      total 287744K, used 287723K [0x00000000d5580000, 0x00000000e8d00000, 0x0000000100000000)
  eden space 266752K, 100% used [0x00000000d5580000,0x00000000e5a00000,0x00000000e5a00000)
  from space 20992K, 99% used [0x00000000e7480000,0x00000000e88fad88,0x00000000e8900000)
  to   space 26112K, 0% used [0x00000000e5a00000,0x00000000e5a00000,0x00000000e7380000)
 ParOldGen       total 116736K, used 37684K [0x0000000080000000, 0x0000000087200000, 0x00000000d5580000)
  object space 116736K, 32% used [0x0000000080000000,0x00000000824cd1c8,0x0000000087200000)
 Metaspace       used 81787K, capacity 85250K, committed 85528K, reserved 1122304K
  class space    used 11070K, capacity 11745K, committed 11824K, reserved 1048576K
Event: 21.893 GC heap after
Heap after GC invocations=18 (full 3):
 PSYoungGen      total 292864K, used 26109K [0x00000000d5580000, 0x00000000e8d00000, 0x0000000100000000)
  eden space 266752K, 0% used [0x00000000d5580000,0x00000000d5580000,0x00000000e5a00000)
  from space 26112K, 99% used [0x00000000e5a00000,0x00000000e737f4e0,0x00000000e7380000)
  to   space 20992K, 0% used [0x00000000e7480000,0x00000000e7480000,0x00000000e8900000)
 ParOldGen       total 116736K, used 62674K [0x0000000080000000, 0x0000000087200000, 0x00000000d5580000)
  object space 116736K, 53% used [0x0000000080000000,0x0000000083d34bf0,0x0000000087200000)
 Metaspace       used 81787K, capacity 85250K, committed 85528K, reserved 1122304K
  class space    used 11070K, capacity 11745K, committed 11824K, reserved 1048576K
}

Deoptimization events (10 events):
Event: 23.863 Thread 0x000000001e7ee800 Uncommon trap: reason=unstable_if action=reinterpret pc=0x0000000005100958 method=com.android.tools.r8.q.a.a.b.u0.b(I[Ljava/lang/Object;)Lcom/android/tools/r8/q/a/a/b/u0; @ 193
Event: 23.867 Thread 0x000000001e7ee800 Uncommon trap: reason=unstable_if action=reinterpret pc=0x000000000367d054 method=java.nio.Bits.getShort(Ljava/nio/ByteBuffer;IZ)S @ 1
Event: 23.899 Thread 0x000000001e7ee800 Uncommon trap: reason=unstable_if action=reinterpret pc=0x000000000534b75c method=com.android.tools.r8.dex.n.m()V @ 81
Event: 23.955 Thread 0x000000001e7ee800 Uncommon trap: reason=unstable_if action=reinterpret pc=0x0000000005366fdc method=com.android.tools.r8.dex.n.m()V @ 22
Event: 23.955 Thread 0x000000001e7ee800 Uncommon trap: reason=unstable_if action=reinterpret pc=0x0000000003f3063c method=com.android.tools.r8.graph.i0.a([C)I @ 44
Event: 23.968 Thread 0x000000001e7ee800 Uncommon trap: reason=unstable_if action=reinterpret pc=0x00000000044de5a8 method=java.lang.Long.parseLong(Ljava/lang/String;I)J @ 124
Event: 24.012 Thread 0x000000001e7ee800 Uncommon trap: reason=unstable_if action=reinterpret pc=0x0000000004eb5d08 method=com.android.tools.r8.utils.Y.d(I)Z @ 45
Event: 24.013 Thread 0x000000001e7ee800 Uncommon trap: reason=unstable_if action=reinterpret pc=0x0000000003803f0c method=com.android.tools.r8.utils.Y.d(I)Z @ 45
Event: 24.018 Thread 0x000000001e7ee800 Uncommon trap: reason=unstable_if action=reinterpret pc=0x00000000053c5cc8 method=com.android.tools.r8.dex.n.g(I)Lcom/android/tools/r8/dex/p; @ 12
Event: 24.021 Thread 0x000000001e7ee800 Uncommon trap: reason=unstable_if action=reinterpret pc=0x000000000536442c method=com.android.tools.r8.dex.n.m()V @ 22

Classes redefined (0 events):
No events

Internal exceptions (10 events):
Event: 21.553 Thread 0x000000001c3cc000 Exception <a 'sun/nio/fs/WindowsException'> (0x00000000dcd38698) thrown at [C:\src\AOSP-openjdk-git\hotspot\src\share\vm\prims\jni.cpp, line 710]
Event: 21.553 Thread 0x000000001c3cd800 Exception <a 'sun/nio/fs/WindowsException'> (0x00000000dcd6e670) thrown at [C:\src\AOSP-openjdk-git\hotspot\src\share\vm\prims\jni.cpp, line 710]
Event: 21.555 Thread 0x000000001c3cd800 Exception <a 'java/lang/NoSuchMethodError': java.lang.Object.lambda$static$0(Ljava/lang/String;)Z> (0x00000000dcd7a6c8) thrown at [C:\src\AOSP-openjdk-git\hotspot\src\share\vm\interpreter\linkResolver.cpp, line 620]
Event: 22.013 Thread 0x000000001e7eb800 Exception <a 'sun/nio/fs/WindowsException'> (0x00000000d6c88420) thrown at [C:\src\AOSP-openjdk-git\hotspot\src\share\vm\prims\jni.cpp, line 710]
Event: 22.027 Thread 0x000000001e7eb800 Exception <a 'java/lang/NoSuchMethodError': <clinit>> (0x00000000d6d0bed8) thrown at [C:\src\AOSP-openjdk-git\hotspot\src\share\vm\prims\jni.cpp, line 1615]
Event: 22.508 Thread 0x000000001e7f1000 Exception <a 'java/lang/IncompatibleClassChangeError': Found class java.lang.Object, but interface was expected> (0x00000000d8d12ac8) thrown at [C:\src\AOSP-openjdk-git\hotspot\src\share\vm\interpreter\linkResolver.cpp, line 653]
Event: 22.900 Thread 0x000000001e7f1000 Exception <a 'java/lang/NoSuchMethodError': java.lang.Object.lambda$maxBy$1(Ljava/util/Comparator;Ljava/lang/Object;Ljava/lang/Object;)Ljava/lang/Object;> (0x00000000da3eb260) thrown at [C:\src\AOSP-openjdk-git\hotspot\src\share\vm\interpreter\linkResolve
Event: 22.900 Thread 0x000000001e7ed000 Exception <a 'java/lang/NoSuchMethodError': java.lang.Object.lambda$maxBy$1(Ljava/util/Comparator;Ljava/lang/Object;Ljava/lang/Object;)Ljava/lang/Object;> (0x00000000da40f158) thrown at [C:\src\AOSP-openjdk-git\hotspot\src\share\vm\interpreter\linkResolve
Event: 23.816 Thread 0x000000001e7eb800 Exception <a 'java/lang/NoSuchMethodError': <clinit>> (0x00000000d6e24328) thrown at [C:\src\AOSP-openjdk-git\hotspot\src\share\vm\prims\jni.cpp, line 1615]
Event: 23.862 Thread 0x000000001e7ee800 Exception <a 'sun/nio/fs/WindowsException'> (0x00000000dd4459e0) thrown at [C:\src\AOSP-openjdk-git\hotspot\src\share\vm\prims\jni.cpp, line 710]

Events (10 events):
Event: 24.081 loading class com/android/tools/r8/code/B2
Event: 24.081 loading class com/android/tools/r8/code/B2 done
Event: 24.081 loading class com/android/tools/r8/code/Z
Event: 24.081 loading class com/android/tools/r8/code/Z done
Event: 24.081 loading class com/android/tools/r8/code/Y
Event: 24.081 loading class com/android/tools/r8/code/Y done
Event: 24.081 loading class com/android/tools/r8/code/D1
Event: 24.081 loading class com/android/tools/r8/code/D1 done
Event: 24.081 loading class com/android/tools/r8/code/C1
Event: 24.081 loading class com/android/tools/r8/code/C1 done


Dynamic libraries:
0x00007ff7d7b10000 - 0x00007ff7d7b41000 	C:\Program Files\Android\Android Studio\jre\bin\java.exe
0x00007ffc00020000 - 0x00007ffc00210000 	C:\WINDOWS\SYSTEM32\ntdll.dll
0x00007ffbff670000 - 0x00007ffbff722000 	C:\WINDOWS\System32\KERNEL32.DLL
0x00007ffbfde20000 - 0x00007ffbfe0c5000 	C:\WINDOWS\System32\KERNELBASE.dll
0x00007ffbff420000 - 0x00007ffbff4c3000 	C:\WINDOWS\System32\ADVAPI32.dll
0x00007ffbff380000 - 0x00007ffbff41e000 	C:\WINDOWS\System32\msvcrt.dll
0x00007ffbff2e0000 - 0x00007ffbff377000 	C:\WINDOWS\System32\sechost.dll
0x00007ffbff7d0000 - 0x00007ffbff8f0000 	C:\WINDOWS\System32\RPCRT4.dll
0x00007ffbfe330000 - 0x00007ffbfe4c4000 	C:\WINDOWS\System32\USER32.dll
0x00007ffbfd030000 - 0x00007ffbfd051000 	C:\WINDOWS\System32\win32u.dll
0x00007ffbffd00000 - 0x00007ffbffd26000 	C:\WINDOWS\System32\GDI32.dll
0x00007ffbfd3b0000 - 0x00007ffbfd546000 	C:\WINDOWS\System32\gdi32full.dll
0x00007ffbfd260000 - 0x00007ffbfd2fe000 	C:\WINDOWS\System32\msvcp_win.dll
0x00007ffbfdd20000 - 0x00007ffbfde1a000 	C:\WINDOWS\System32\ucrtbase.dll
0x00007ffbe35c0000 - 0x00007ffbe3844000 	C:\WINDOWS\WinSxS\amd64_microsoft.windows.common-controls_6595b64144ccf1df_6.0.18362.1139_none_9e7bf2d3e4605ac6\COMCTL32.dll
0x00007ffbff8f0000 - 0x00007ffbffc25000 	C:\WINDOWS\System32\combase.dll
0x00007ffbfcfb0000 - 0x00007ffbfd030000 	C:\WINDOWS\System32\bcryptPrimitives.dll
0x00007ffbff530000 - 0x00007ffbff55e000 	C:\WINDOWS\System32\IMM32.DLL
0x0000000077aa0000 - 0x0000000077b72000 	C:\Program Files\Android\Android Studio\jre\jre\bin\msvcr100.dll
0x00000000766b0000 - 0x0000000076efb000 	C:\Program Files\Android\Android Studio\jre\jre\bin\server\jvm.dll
0x00007ffbff7c0000 - 0x00007ffbff7c8000 	C:\WINDOWS\System32\PSAPI.DLL
0x00007ffbf7080000 - 0x00007ffbf7089000 	C:\WINDOWS\SYSTEM32\WSOCK32.dll
0x00007ffbf4310000 - 0x00007ffbf4334000 	C:\WINDOWS\SYSTEM32\WINMM.dll
0x00007ffbfff70000 - 0x00007ffbfffdf000 	C:\WINDOWS\System32\WS2_32.dll
0x00007ffbf7a60000 - 0x00007ffbf7a6a000 	C:\WINDOWS\SYSTEM32\VERSION.dll
0x00007ffbf40d0000 - 0x00007ffbf40fd000 	C:\WINDOWS\SYSTEM32\winmmbase.dll
0x00007ffbfd300000 - 0x00007ffbfd34a000 	C:\WINDOWS\System32\cfgmgr32.dll
0x00007ffbf7070000 - 0x00007ffbf707f000 	C:\Program Files\Android\Android Studio\jre\jre\bin\verify.dll
0x00007ffbeff60000 - 0x00007ffbeff89000 	C:\Program Files\Android\Android Studio\jre\jre\bin\java.dll
0x00007ffbf5cb0000 - 0x00007ffbf5cc6000 	C:\Program Files\Android\Android Studio\jre\jre\bin\zip.dll
0x00007ffbfeab0000 - 0x00007ffbff197000 	C:\WINDOWS\System32\SHELL32.dll
0x00007ffbfe200000 - 0x00007ffbfe2a9000 	C:\WINDOWS\System32\shcore.dll
0x00007ffbfd550000 - 0x00007ffbfdcd0000 	C:\WINDOWS\System32\windows.storage.dll
0x00007ffbfcf80000 - 0x00007ffbfcfa3000 	C:\WINDOWS\System32\profapi.dll
0x00007ffbfcf30000 - 0x00007ffbfcf7a000 	C:\WINDOWS\System32\powrprof.dll
0x00007ffbfcee0000 - 0x00007ffbfcef0000 	C:\WINDOWS\System32\UMPDC.dll
0x00007ffbfe1a0000 - 0x00007ffbfe1f2000 	C:\WINDOWS\System32\shlwapi.dll
0x00007ffbfcf10000 - 0x00007ffbfcf21000 	C:\WINDOWS\System32\kernel.appcore.dll
0x00007ffbfdcd0000 - 0x00007ffbfdce7000 	C:\WINDOWS\System32\cryptsp.dll
0x00007ffbf61b0000 - 0x00007ffbf61ca000 	C:\Program Files\Android\Android Studio\jre\jre\bin\net.dll
0x00007ffbfc730000 - 0x00007ffbfc797000 	C:\WINDOWS\system32\mswsock.dll
0x00007ffbf5fa0000 - 0x00007ffbf5fb3000 	C:\Program Files\Android\Android Studio\jre\jre\bin\nio.dll
0x00007ffbf07e0000 - 0x00007ffbf0807000 	C:\Users\AYUSHCYBERTRON\.gradle\native\f6784746aeab05261644944871eae4fe03e0ef1612fff0a4a95f87b438bc6780\windows-amd64\native-platform.dll
0x00007ffbf8640000 - 0x00007ffbf864d000 	C:\Program Files\Android\Android Studio\jre\jre\bin\management.dll
0x00007ffbfc2a0000 - 0x00007ffbfc2d3000 	C:\WINDOWS\system32\rsaenh.dll
0x00007ffbfdcf0000 - 0x00007ffbfdd16000 	C:\WINDOWS\System32\bcrypt.dll
0x00007ffbfce00000 - 0x00007ffbfce25000 	C:\WINDOWS\SYSTEM32\USERENV.dll
0x00007ffbfc900000 - 0x00007ffbfc90c000 	C:\WINDOWS\SYSTEM32\CRYPTBASE.dll
0x00007ffbfc440000 - 0x00007ffbfc47a000 	C:\WINDOWS\SYSTEM32\IPHLPAPI.DLL
0x00007ffbffd30000 - 0x00007ffbffd38000 	C:\WINDOWS\System32\NSI.dll
0x00007ffbf62c0000 - 0x00007ffbf62d6000 	C:\WINDOWS\SYSTEM32\dhcpcsvc6.DLL
0x00007ffbf6660000 - 0x00007ffbf667c000 	C:\WINDOWS\SYSTEM32\dhcpcsvc.DLL
0x00007ffbfc480000 - 0x00007ffbfc54b000 	C:\WINDOWS\SYSTEM32\DNSAPI.dll
0x00007ffbf79d0000 - 0x00007ffbf79db000 	C:\WINDOWS\SYSTEM32\WINNSI.DLL
0x00007ffbf2f80000 - 0x00007ffbf2f9e000 	C:\Users\AYUSHCYBERTRON\AppData\Local\Temp\native-platform2877333913143015544dir\native-platform.dll

VM Arguments:
jvm_args: -Xmx2048m -Dfile.encoding=UTF-8 -Duser.country=IN -Duser.language=en -Duser.variant 
java_command: org.gradle.launcher.daemon.bootstrap.GradleDaemon 6.5
java_class_path (initial): C:\Users\AYUSHCYBERTRON\.gradle\wrapper\dists\gradle-6.5-bin\6nifqtx7604sqp1q6g8wikw7p\gradle-6.5\lib\gradle-launcher-6.5.jar
Launcher Type: SUN_STANDARD

Environment Variables:
PATH=c:\Rtools\bin;c:\Rtools\gcc-4.6.3\bin;C:\Program Files\Java\jdk-11.0.4\bin;C:\Program Files\NVIDIA Corporation\NVIDIA NvDLISR;C:\MinGW\bin;C:\WINDOWS\system32;C:\WINDOWS;C:\WINDOWS\System32\Wbem;C:\WINDOWS\System32\WindowsPowerShell\v1.0\;C:\WINDOWS\System32\OpenSSH\;C:\MinGW;C:\Users\AYUSHCYBERTRON\AppData\Local\Programs\Python\Python37\Scripts\;C:\Users\AYUSHCYBERTRON\AppData\Local\Programs\Python\Python37\;C:\cygwin64\bin\;C:\Users\AYUSHCYBERTRON\AppData\Local\atom\bin;C:\Users\AYUSHCYBERTRON\AppData\Local\Microsoft\WindowsApps;C:\Users\AYUSHCYBERTRON\AppData\Local\GitHubDesktop\bin
USERNAME=AYUSHCYBERTRON
OS=Windows_NT
PROCESSOR_IDENTIFIER=Intel64 Family 6 Model 158 Stepping 9, GenuineIntel



---------------  S Y S T E M  ---------------

OS: Windows 10.0 , 64 bit Build 18362 (10.0.18362.1110)

CPU:total 4 (initial active 4) (4 cores per cpu, 1 threads per core) family 6 model 158 stepping 9, cmov, cx8, fxsr, mmx, sse, sse2, sse3, ssse3, sse4.1, sse4.2, popcnt, avx, avx2, aes, clmul, erms, 3dnowpref, lzcnt, tsc, tscinvbit, bmi1, bmi2, adx

Memory: 4k page, physical 8278180k(433128k free), swap 33444004k(6120k free)

vm_info: OpenJDK 64-Bit Server VM (25.242-b01) for windows-amd64 JRE (1.8.0_242-release-1644-b01), built by "builder" with MS VC++ 10.0 (VS2010)

time: Wed Oct 21 14:55:08 2020
timezone: India Standard Time
elapsed time: 24 seconds (0d 0h 0m 24s)

